9/16/2019, 8:29:35 AM : GET 200 / text/html 2445 ::1
9/16/2019, 8:29:35 AM : GET 200 /js/jquery.min.js text/javascript 69969 ::1
9/16/2019, 8:29:35 AM : GET 200 /css/fonts/TisaSans.css text/css 59485 ::1
9/16/2019, 8:29:35 AM : GET 200 /css/fonts/SourceSans.css text/css 155 ::1
9/16/2019, 8:29:35 AM : GET 200 /css/fonts/Montserrat.css text/css 351109 ::1
9/16/2019, 8:29:35 AM : GET 200 /css/master.css text/css 3025 ::1
9/16/2019, 8:29:35 AM : GET 200 /css/article.css text/css 1766 ::1
9/16/2019, 8:29:35 AM : GET 200 /res/privacy.jpg image/jpeg 56168 ::1
9/16/2019, 8:29:40 AM : GET 404 /favicon.ico text/plain 47 ::1
9/16/2019, 8:30:05 AM : GET 200 /references text/html 3706 ::1
9/16/2019, 8:30:05 AM : GET 200 /js/jquery.min.js text/javascript 69969 ::1
9/16/2019, 8:30:05 AM : GET 200 /css/fonts/TisaSans.css text/css 59485 ::1
9/16/2019, 8:30:06 AM : GET 200 /css/fonts/SourceSans.css text/css 155 ::1
9/16/2019, 8:30:06 AM : GET 200 /css/fonts/Montserrat.css text/css 351109 ::1
9/16/2019, 8:30:06 AM : GET 200 /css/master.css text/css 3025 ::1
9/16/2019, 8:30:06 AM : GET 200 /css/article.css text/css 1766 ::1
9/16/2019, 8:30:06 AM : GET 200 /js/hoverpeek.js text/javascript 529 ::1
9/16/2019, 10:26:43 PM : Listening on 1080
9/16/2019, 10:27:05 PM : GET 200 / text/html 2445 ::1
9/16/2019, 10:27:06 PM : GET 200 /js/jquery.min.js text/javascript 69969 ::1
9/16/2019, 10:27:06 PM : GET 200 /css/fonts/TisaSans.css text/css 59485 ::1
9/16/2019, 10:27:06 PM : GET 200 /css/fonts/SourceSans.css text/css 155 ::1
9/16/2019, 10:27:06 PM : GET 200 /css/fonts/Montserrat.css text/css 351109 ::1
9/16/2019, 10:27:06 PM : GET 200 /css/master.css text/css 3025 ::1
9/16/2019, 10:27:06 PM : GET 200 /css/article.css text/css 1766 ::1
9/16/2019, 10:27:06 PM : GET 200 /res/privacy.jpg image/jpeg 56168 ::1
9/16/2019, 10:27:08 PM : GET 200 /rationale text/html 5270 ::1
9/16/2019, 10:27:08 PM : GET 200 /js/jquery.min.js text/javascript 69969 ::1
9/16/2019, 10:27:08 PM : GET 200 /css/fonts/TisaSans.css text/css 59485 ::1
9/16/2019, 10:27:08 PM : GET 200 /css/fonts/SourceSans.css text/css 155 ::1
9/16/2019, 10:27:08 PM : GET 200 /css/fonts/Montserrat.css text/css 351109 ::1
9/16/2019, 10:27:08 PM : GET 200 /css/master.css text/css 3025 ::1
9/16/2019, 10:27:08 PM : GET 200 /css/article.css text/css 1766 ::1
9/16/2019, 10:27:08 PM : GET 404 /favicon.ico text/plain 47 ::1
9/16/2019, 10:28:29 PM : GET 200 /rationale text/html 5298 ::1
9/16/2019, 10:28:29 PM : GET 200 /js/jquery.min.js text/javascript 69969 ::1
9/16/2019, 10:28:29 PM : GET 200 /css/fonts/TisaSans.css text/css 59485 ::1
9/16/2019, 10:28:29 PM : GET 200 /css/fonts/SourceSans.css text/css 155 ::1
9/16/2019, 10:28:29 PM : GET 200 /css/fonts/Montserrat.css text/css 351109 ::1
9/16/2019, 10:28:29 PM : GET 200 /css/master.css text/css 3025 ::1
9/16/2019, 10:28:29 PM : GET 200 /css/article.css text/css 1766 ::1
9/16/2019, 10:28:44 PM : GET 200 /what text/html 2860 ::1
9/16/2019, 10:28:44 PM : GET 200 /js/jquery.min.js text/javascript 69969 ::1
9/16/2019, 10:28:44 PM : GET 200 /css/fonts/TisaSans.css text/css 59485 ::1
9/16/2019, 10:28:44 PM : GET 200 /css/fonts/SourceSans.css text/css 155 ::1
9/16/2019, 10:28:44 PM : GET 200 /css/fonts/Montserrat.css text/css 351109 ::1
9/16/2019, 10:28:44 PM : GET 200 /css/master.css text/css 3025 ::1
9/16/2019, 10:28:44 PM : GET 200 /css/article.css text/css 1766 ::1
9/16/2019, 10:28:44 PM : GET 200 /res/privacy.jpg image/jpeg 56168 ::1
9/16/2019, 10:28:45 PM : GET 200 /why-issue text/html 3040 ::1
9/16/2019, 10:28:45 PM : GET 200 /js/jquery.min.js text/javascript 69969 ::1
9/16/2019, 10:28:45 PM : GET 200 /css/fonts/TisaSans.css text/css 59485 ::1
9/16/2019, 10:28:45 PM : GET 200 /css/fonts/SourceSans.css text/css 155 ::1
9/16/2019, 10:28:45 PM : GET 200 /css/fonts/Montserrat.css text/css 351109 ::1
9/16/2019, 10:28:45 PM : GET 200 /css/master.css text/css 3025 ::1
9/16/2019, 10:28:45 PM : GET 200 /css/article.css text/css 1766 ::1
9/16/2019, 10:28:45 PM : GET 200 /res/privacy.jpg image/jpeg 56168 ::1
9/16/2019, 10:28:46 PM : GET 200 /rationale text/html 5298 ::1
9/16/2019, 10:28:46 PM : GET 200 /js/jquery.min.js text/javascript 69969 ::1
9/16/2019, 10:28:46 PM : GET 200 /css/fonts/TisaSans.css text/css 59485 ::1
9/16/2019, 10:28:46 PM : GET 200 /css/fonts/SourceSans.css text/css 155 ::1
9/16/2019, 10:28:46 PM : GET 200 /css/fonts/Montserrat.css text/css 351109 ::1
9/16/2019, 10:28:46 PM : GET 200 /css/master.css text/css 3025 ::1
9/16/2019, 10:28:46 PM : GET 200 /css/article.css text/css 1766 ::1
9/16/2019, 10:29:38 PM : GET 200 /rationale text/html 5298 ::1
9/16/2019, 10:29:38 PM : GET 200 /js/jquery.min.js text/javascript 69969 ::1
9/16/2019, 10:29:38 PM : GET 200 /css/fonts/TisaSans.css text/css 59485 ::1
9/16/2019, 10:29:38 PM : GET 200 /css/fonts/SourceSans.css text/css 155 ::1
9/16/2019, 10:29:39 PM : GET 200 /css/fonts/Montserrat.css text/css 351109 ::1
9/16/2019, 10:29:39 PM : GET 200 /css/master.css text/css 3025 ::1
9/16/2019, 10:29:39 PM : GET 200 /css/article.css text/css 1766 ::1
9/16/2019, 10:30:36 PM : GET 200 /rationale text/html 5285 ::1
9/16/2019, 10:30:36 PM : GET 200 /js/jquery.min.js text/javascript 69969 ::1
9/16/2019, 10:30:36 PM : GET 200 /css/fonts/TisaSans.css text/css 59485 ::1
9/16/2019, 10:30:36 PM : GET 200 /css/fonts/SourceSans.css text/css 155 ::1
9/16/2019, 10:30:36 PM : GET 200 /css/fonts/Montserrat.css text/css 351109 ::1
9/16/2019, 10:30:36 PM : GET 200 /css/master.css text/css 3025 ::1
9/16/2019, 10:30:36 PM : GET 200 /css/article.css text/css 1766 ::1
9/16/2019, 10:35:35 PM : GET 200 /rationale text/html 5444 ::1
9/16/2019, 10:35:35 PM : GET 200 /css/fonts/SourceSans.css text/css 155 ::1
9/16/2019, 10:35:35 PM : GET 200 /css/master.css text/css 3025 ::1
9/16/2019, 10:35:35 PM : GET 200 /css/article.css text/css 1766 ::1
9/16/2019, 10:35:35 PM : GET 200 /css/fonts/TisaSans.css text/css 59485 ::1
9/16/2019, 10:35:35 PM : GET 200 /css/fonts/Montserrat.css text/css 351109 ::1
9/16/2019, 10:35:35 PM : GET 200 /js/jquery.min.js text/javascript 69969 ::1
9/16/2019, 10:35:43 PM : GET 200 /rationale text/html 5451 ::1
9/16/2019, 10:35:43 PM : GET 200 /js/jquery.min.js text/javascript 69969 ::1
9/16/2019, 10:35:43 PM : GET 200 /css/fonts/TisaSans.css text/css 59485 ::1
9/16/2019, 10:35:43 PM : GET 200 /css/fonts/Montserrat.css text/css 351109 ::1
9/16/2019, 10:35:43 PM : GET 200 /css/fonts/SourceSans.css text/css 155 ::1
9/16/2019, 10:35:43 PM : GET 200 /css/master.css text/css 3025 ::1
9/16/2019, 10:35:43 PM : GET 200 /css/article.css text/css 1766 ::1
9/16/2019, 10:35:45 PM : GET 200 /rationale text/html 5451 ::1
9/16/2019, 10:35:45 PM : GET 200 /js/jquery.min.js text/javascript 69969 ::1
9/16/2019, 10:35:46 PM : GET 200 /css/fonts/TisaSans.css text/css 59485 ::1
9/16/2019, 10:35:46 PM : GET 200 /css/fonts/SourceSans.css text/css 155 ::1
9/16/2019, 10:35:46 PM : GET 200 /css/fonts/Montserrat.css text/css 351109 ::1
9/16/2019, 10:35:46 PM : GET 200 /css/master.css text/css 3025 ::1
9/16/2019, 10:35:46 PM : GET 200 /css/article.css text/css 1766 ::1
9/16/2019, 10:35:59 PM : GET 200 /rationale text/html 5451 ::1
9/16/2019, 10:35:59 PM : GET 200 /js/jquery.min.js text/javascript 69969 ::1
9/16/2019, 10:35:59 PM : GET 200 /css/fonts/TisaSans.css text/css 59485 ::1
9/16/2019, 10:35:59 PM : GET 200 /css/fonts/Montserrat.css text/css 351109 ::1
9/16/2019, 10:35:59 PM : GET 200 /css/fonts/SourceSans.css text/css 155 ::1
9/16/2019, 10:35:59 PM : GET 200 /css/master.css text/css 3025 ::1
9/16/2019, 10:35:59 PM : GET 200 /css/article.css text/css 1766 ::1
9/16/2019, 10:36:17 PM : GET 200 /rationale text/html 5292 ::1
9/16/2019, 10:36:17 PM : GET 200 /js/jquery.min.js text/javascript 69969 ::1
9/16/2019, 10:36:17 PM : GET 200 /css/fonts/TisaSans.css text/css 59485 ::1
9/16/2019, 10:36:17 PM : GET 200 /css/fonts/SourceSans.css text/css 155 ::1
9/16/2019, 10:36:17 PM : GET 200 /css/fonts/Montserrat.css text/css 351109 ::1
9/16/2019, 10:36:17 PM : GET 200 /css/master.css text/css 3025 ::1
9/16/2019, 10:36:17 PM : GET 200 /css/article.css text/css 1766 ::1
9/16/2019, 10:36:19 PM : GET 200 /how text/html 5286 ::1
9/16/2019, 10:36:19 PM : GET 200 /js/jquery.min.js text/javascript 69969 ::1
9/16/2019, 10:36:19 PM : GET 200 /css/fonts/TisaSans.css text/css 59485 ::1
9/16/2019, 10:36:19 PM : GET 200 /css/fonts/SourceSans.css text/css 155 ::1
9/16/2019, 10:36:19 PM : GET 200 /css/fonts/Montserrat.css text/css 351109 ::1
9/16/2019, 10:36:19 PM : GET 200 /css/master.css text/css 3025 ::1
9/16/2019, 10:36:19 PM : GET 200 /css/article.css text/css 1766 ::1
9/16/2019, 10:36:19 PM : GET 200 /res/privacy.jpg image/jpeg 56168 ::1
9/16/2019, 10:36:22 PM : GET 200 /rationale text/html 5292 ::1
9/16/2019, 10:36:22 PM : GET 200 /js/jquery.min.js text/javascript 69969 ::1
9/16/2019, 10:36:22 PM : GET 200 /css/fonts/TisaSans.css text/css 59485 ::1
9/16/2019, 10:36:22 PM : GET 200 /css/fonts/SourceSans.css text/css 155 ::1
9/16/2019, 10:36:22 PM : GET 200 /css/fonts/Montserrat.css text/css 351109 ::1
9/16/2019, 10:36:22 PM : GET 200 /css/master.css text/css 3025 ::1
9/16/2019, 10:36:22 PM : GET 200 /css/article.css text/css 1766 ::1
9/16/2019, 10:43:07 PM : GET 200 /rationale text/html 5292 ::1
9/16/2019, 10:43:07 PM : GET 200 /js/jquery.min.js text/javascript 69969 ::1
9/16/2019, 10:43:07 PM : GET 200 /css/fonts/TisaSans.css text/css 59485 ::1
9/16/2019, 10:43:07 PM : GET 200 /css/fonts/SourceSans.css text/css 155 ::1
9/16/2019, 10:43:07 PM : GET 200 /css/fonts/Montserrat.css text/css 351109 ::1
9/16/2019, 10:43:07 PM : GET 200 /css/master.css text/css 3025 ::1
9/16/2019, 10:43:07 PM : GET 200 /css/article.css text/css 1766 ::1
9/16/2019, 10:43:08 PM : GET 200 /why text/html 3778 ::1
9/16/2019, 10:43:08 PM : GET 200 /js/jquery.min.js text/javascript 69969 ::1
9/16/2019, 10:43:08 PM : GET 200 /css/fonts/TisaSans.css text/css 59485 ::1
9/16/2019, 10:43:08 PM : GET 200 /css/fonts/SourceSans.css text/css 155 ::1
9/16/2019, 10:43:08 PM : GET 200 /css/fonts/Montserrat.css text/css 351109 ::1
9/16/2019, 10:43:08 PM : GET 200 /css/master.css text/css 3025 ::1
9/16/2019, 10:43:08 PM : GET 200 /css/article.css text/css 1766 ::1
