9/15/2019, 4:52:24 PM : GET 200 / text/html 2445 ::1
9/15/2019, 4:52:24 PM : GET 200 /js/jquery.min.js text/javascript 69969 ::1
9/15/2019, 4:52:24 PM : GET 200 /css/fonts/TisaSans.css text/css 59485 ::1
9/15/2019, 4:52:24 PM : GET 200 /css/fonts/SourceSans.css text/css 155 ::1
9/15/2019, 4:52:24 PM : GET 200 /css/fonts/Montserrat.css text/css 351109 ::1
9/15/2019, 4:52:24 PM : GET 200 /css/master.css text/css 2910 ::1
9/15/2019, 4:52:24 PM : GET 200 /css/article.css text/css 1068 ::1
9/15/2019, 4:52:24 PM : GET 200 /res/privacy.jpg image/jpeg 56168 ::1
9/15/2019, 4:52:37 PM : GET 200 / text/html 2445 ::1
9/15/2019, 4:52:37 PM : GET 200 /js/jquery.min.js text/javascript 69969 ::1
9/15/2019, 4:52:37 PM : GET 200 /css/fonts/TisaSans.css text/css 59485 ::1
9/15/2019, 4:52:37 PM : GET 200 /css/fonts/SourceSans.css text/css 155 ::1
9/15/2019, 4:52:37 PM : GET 200 /css/fonts/Montserrat.css text/css 351109 ::1
9/15/2019, 4:52:37 PM : GET 200 /css/master.css text/css 2910 ::1
9/15/2019, 4:52:37 PM : GET 200 /css/article.css text/css 1068 ::1
9/15/2019, 4:52:37 PM : GET 200 /res/privacy.jpg image/jpeg 56168 ::1
9/15/2019, 4:52:47 PM : GET 200 / text/html 2445 ::1
9/15/2019, 4:52:47 PM : GET 200 /js/jquery.min.js text/javascript 69969 ::1
9/15/2019, 4:52:47 PM : GET 200 /css/fonts/TisaSans.css text/css 59485 ::1
9/15/2019, 4:52:47 PM : GET 200 /css/fonts/SourceSans.css text/css 155 ::1
9/15/2019, 4:52:47 PM : GET 200 /css/fonts/Montserrat.css text/css 351109 ::1
9/15/2019, 4:52:47 PM : GET 200 /css/master.css text/css 2910 ::1
9/15/2019, 4:52:47 PM : GET 200 /css/article.css text/css 1068 ::1
9/15/2019, 4:52:47 PM : GET 200 /res/privacy.jpg image/jpeg 56168 ::1
9/15/2019, 4:52:54 PM : GET 200 / text/html 2445 ::1
9/15/2019, 4:52:54 PM : GET 200 /js/jquery.min.js text/javascript 69969 ::1
9/15/2019, 4:52:54 PM : GET 200 /css/fonts/TisaSans.css text/css 59485 ::1
9/15/2019, 4:52:54 PM : GET 200 /css/fonts/SourceSans.css text/css 155 ::1
9/15/2019, 4:52:54 PM : GET 200 /css/fonts/Montserrat.css text/css 351109 ::1
9/15/2019, 4:52:54 PM : GET 200 /css/master.css text/css 2910 ::1
9/15/2019, 4:52:54 PM : GET 200 /css/article.css text/css 1068 ::1
9/15/2019, 4:52:54 PM : GET 200 /res/privacy.jpg image/jpeg 56168 ::1
9/15/2019, 4:53:10 PM : GET 200 / text/html 2445 ::1
9/15/2019, 4:53:10 PM : GET 200 /js/jquery.min.js text/javascript 69969 ::1
9/15/2019, 4:53:10 PM : GET 200 /css/fonts/TisaSans.css text/css 59485 ::1
9/15/2019, 4:53:10 PM : GET 200 /css/fonts/SourceSans.css text/css 155 ::1
9/15/2019, 4:53:10 PM : GET 200 /css/fonts/Montserrat.css text/css 351109 ::1
9/15/2019, 4:53:10 PM : GET 200 /css/master.css text/css 2910 ::1
9/15/2019, 4:53:10 PM : GET 200 /css/article.css text/css 1083 ::1
9/15/2019, 4:53:10 PM : GET 200 /res/privacy.jpg image/jpeg 56168 ::1
9/15/2019, 4:53:18 PM : GET 200 / text/html 2445 ::1
9/15/2019, 4:53:18 PM : GET 200 /js/jquery.min.js text/javascript 69969 ::1
9/15/2019, 4:53:18 PM : GET 200 /css/fonts/TisaSans.css text/css 59485 ::1
9/15/2019, 4:53:18 PM : GET 200 /css/fonts/SourceSans.css text/css 155 ::1
9/15/2019, 4:53:18 PM : GET 200 /css/fonts/Montserrat.css text/css 351109 ::1
9/15/2019, 4:53:18 PM : GET 200 /css/master.css text/css 2910 ::1
9/15/2019, 4:53:18 PM : GET 200 /css/article.css text/css 1081 ::1
9/15/2019, 4:53:18 PM : GET 200 /res/privacy.jpg image/jpeg 56168 ::1
9/15/2019, 4:53:34 PM : GET 200 / text/html 2445 ::1
9/15/2019, 4:53:34 PM : GET 200 /js/jquery.min.js text/javascript 69969 ::1
9/15/2019, 4:53:34 PM : GET 200 /css/fonts/TisaSans.css text/css 59485 ::1
9/15/2019, 4:53:34 PM : GET 200 /css/fonts/SourceSans.css text/css 155 ::1
9/15/2019, 4:53:34 PM : GET 200 /css/fonts/Montserrat.css text/css 351109 ::1
9/15/2019, 4:53:34 PM : GET 200 /css/master.css text/css 2910 ::1
9/15/2019, 4:53:34 PM : GET 200 /css/article.css text/css 1081 ::1
9/15/2019, 4:53:34 PM : GET 200 /res/privacy.jpg image/jpeg 56168 ::1
9/15/2019, 4:54:07 PM : GET 200 / text/html 2445 ::1
9/15/2019, 4:54:07 PM : GET 200 /js/jquery.min.js text/javascript 69969 ::1
9/15/2019, 4:54:07 PM : GET 200 /css/fonts/TisaSans.css text/css 59485 ::1
9/15/2019, 4:54:07 PM : GET 200 /css/fonts/SourceSans.css text/css 155 ::1
9/15/2019, 4:54:07 PM : GET 200 /css/fonts/Montserrat.css text/css 351109 ::1
9/15/2019, 4:54:07 PM : GET 200 /css/master.css text/css 2910 ::1
9/15/2019, 4:54:07 PM : GET 200 /css/article.css text/css 1182 ::1
9/15/2019, 4:54:07 PM : GET 200 /res/privacy.jpg image/jpeg 56168 ::1
9/15/2019, 4:54:13 PM : GET 200 / text/html 2445 ::1
9/15/2019, 4:54:13 PM : GET 200 /js/jquery.min.js text/javascript 69969 ::1
9/15/2019, 4:54:13 PM : GET 200 /css/fonts/TisaSans.css text/css 59485 ::1
9/15/2019, 4:54:13 PM : GET 200 /css/fonts/SourceSans.css text/css 155 ::1
9/15/2019, 4:54:13 PM : GET 200 /css/fonts/Montserrat.css text/css 351109 ::1
9/15/2019, 4:54:13 PM : GET 200 /css/master.css text/css 2910 ::1
9/15/2019, 4:54:13 PM : GET 200 /res/privacy.jpg image/jpeg 56168 ::1
9/15/2019, 4:54:13 PM : GET 200 /css/article.css text/css 1178 ::1
9/15/2019, 4:54:18 PM : GET 200 / text/html 2445 ::1
9/15/2019, 4:54:18 PM : GET 200 /js/jquery.min.js text/javascript 69969 ::1
9/15/2019, 4:54:18 PM : GET 200 /css/fonts/TisaSans.css text/css 59485 ::1
9/15/2019, 4:54:18 PM : GET 200 /css/fonts/SourceSans.css text/css 155 ::1
9/15/2019, 4:54:18 PM : GET 200 /css/fonts/Montserrat.css text/css 351109 ::1
9/15/2019, 4:54:18 PM : GET 200 /css/master.css text/css 2910 ::1
9/15/2019, 4:54:18 PM : GET 200 /css/article.css text/css 1178 ::1
9/15/2019, 4:54:18 PM : GET 200 /res/privacy.jpg image/jpeg 56168 ::1
9/15/2019, 4:54:27 PM : GET 200 / text/html 2445 ::1
9/15/2019, 4:54:27 PM : GET 200 /js/jquery.min.js text/javascript 69969 ::1
9/15/2019, 4:54:27 PM : GET 200 /css/fonts/TisaSans.css text/css 59485 ::1
9/15/2019, 4:54:27 PM : GET 200 /css/fonts/SourceSans.css text/css 155 ::1
9/15/2019, 4:54:27 PM : GET 200 /css/fonts/Montserrat.css text/css 351109 ::1
9/15/2019, 4:54:27 PM : GET 200 /css/master.css text/css 2910 ::1
9/15/2019, 4:54:27 PM : GET 200 /css/article.css text/css 1181 ::1
9/15/2019, 4:54:27 PM : GET 200 /res/privacy.jpg image/jpeg 56168 ::1
9/15/2019, 4:54:46 PM : GET 200 / text/html 2455 ::1
9/15/2019, 4:54:46 PM : GET 200 /js/jquery.min.js text/javascript 69969 ::1
9/15/2019, 4:54:46 PM : GET 200 /css/fonts/TisaSans.css text/css 59485 ::1
9/15/2019, 4:54:46 PM : GET 200 /css/fonts/SourceSans.css text/css 155 ::1
9/15/2019, 4:54:46 PM : GET 200 /css/fonts/Montserrat.css text/css 351109 ::1
9/15/2019, 4:54:46 PM : GET 200 /css/master.css text/css 2910 ::1
9/15/2019, 4:54:46 PM : GET 200 /css/article.css text/css 1181 ::1
9/15/2019, 4:54:46 PM : GET 200 /res/privacy.jpg image/jpeg 56168 ::1
9/15/2019, 4:54:53 PM : GET 200 / text/html 2459 ::1
9/15/2019, 4:54:53 PM : GET 200 /js/jquery.min.js text/javascript 69969 ::1
9/15/2019, 4:54:53 PM : GET 200 /css/fonts/TisaSans.css text/css 59485 ::1
9/15/2019, 4:54:53 PM : GET 200 /css/fonts/SourceSans.css text/css 155 ::1
9/15/2019, 4:54:53 PM : GET 200 /css/fonts/Montserrat.css text/css 351109 ::1
9/15/2019, 4:54:53 PM : GET 200 /css/master.css text/css 2910 ::1
9/15/2019, 4:54:53 PM : GET 200 /css/article.css text/css 1181 ::1
9/15/2019, 4:54:53 PM : GET 200 /res/privacy.jpg image/jpeg 56168 ::1
9/15/2019, 4:55:02 PM : GET 200 / text/html 2445 ::1
9/15/2019, 4:55:02 PM : GET 200 /js/jquery.min.js text/javascript 69969 ::1
9/15/2019, 4:55:02 PM : GET 200 /css/fonts/TisaSans.css text/css 59485 ::1
9/15/2019, 4:55:02 PM : GET 200 /css/fonts/SourceSans.css text/css 155 ::1
9/15/2019, 4:55:02 PM : GET 200 /css/fonts/Montserrat.css text/css 351109 ::1
9/15/2019, 4:55:02 PM : GET 200 /css/master.css text/css 2910 ::1
9/15/2019, 4:55:02 PM : GET 200 /css/article.css text/css 1181 ::1
9/15/2019, 4:55:02 PM : GET 200 /res/privacy.jpg image/jpeg 56168 ::1
9/15/2019, 4:55:12 PM : GET 200 /what text/html 2832 ::1
9/15/2019, 4:55:12 PM : GET 200 /js/jquery.min.js text/javascript 69969 ::1
9/15/2019, 4:55:12 PM : GET 200 /css/fonts/TisaSans.css text/css 59485 ::1
9/15/2019, 4:55:12 PM : GET 200 /css/fonts/SourceSans.css text/css 155 ::1
9/15/2019, 4:55:12 PM : GET 200 /css/fonts/Montserrat.css text/css 351109 ::1
9/15/2019, 4:55:12 PM : GET 200 /css/master.css text/css 2910 ::1
9/15/2019, 4:55:12 PM : GET 200 /css/article.css text/css 1181 ::1
9/15/2019, 4:55:12 PM : GET 200 /res/privacy.jpg image/jpeg 56168 ::1
9/15/2019, 4:56:14 PM : GET 200 /what text/html 2832 ::1
9/15/2019, 4:56:14 PM : GET 200 /js/jquery.min.js text/javascript 69969 ::1
9/15/2019, 4:56:14 PM : GET 200 /css/fonts/TisaSans.css text/css 59485 ::1
9/15/2019, 4:56:14 PM : GET 200 /css/fonts/SourceSans.css text/css 155 ::1
9/15/2019, 4:56:14 PM : GET 200 /css/fonts/Montserrat.css text/css 351109 ::1
9/15/2019, 4:56:14 PM : GET 200 /css/master.css text/css 2910 ::1
9/15/2019, 4:56:14 PM : GET 200 /css/article.css text/css 1181 ::1
9/15/2019, 4:56:14 PM : GET 200 /res/privacy.jpg image/jpeg 56168 ::1
9/15/2019, 5:00:36 PM : GET 200 /references text/html 2690 ::1
9/15/2019, 5:00:36 PM : GET 200 /js/jquery.min.js text/javascript 69969 ::1
9/15/2019, 5:00:36 PM : GET 200 /css/fonts/TisaSans.css text/css 59485 ::1
9/15/2019, 5:00:36 PM : GET 200 /css/fonts/SourceSans.css text/css 155 ::1
9/15/2019, 5:00:36 PM : GET 200 /css/fonts/Montserrat.css text/css 351109 ::1
9/15/2019, 5:00:36 PM : GET 200 /css/master.css text/css 2910 ::1
9/15/2019, 5:00:36 PM : GET 200 /css/article.css text/css 1181 ::1
9/15/2019, 5:01:25 PM : GET 200 /references text/html 2669 ::1
9/15/2019, 5:01:25 PM : GET 200 /js/jquery.min.js text/javascript 69969 ::1
9/15/2019, 5:01:25 PM : GET 200 /css/fonts/TisaSans.css text/css 59485 ::1
9/15/2019, 5:01:25 PM : GET 200 /css/fonts/SourceSans.css text/css 155 ::1
9/15/2019, 5:01:25 PM : GET 200 /css/fonts/Montserrat.css text/css 351109 ::1
9/15/2019, 5:01:25 PM : GET 200 /css/master.css text/css 2910 ::1
9/15/2019, 5:01:25 PM : GET 200 /css/article.css text/css 1181 ::1
9/15/2019, 5:02:08 PM : GET 200 /references text/html 2669 ::1
9/15/2019, 5:02:08 PM : GET 200 /js/jquery.min.js text/javascript 69969 ::1
9/15/2019, 5:02:08 PM : GET 200 /css/fonts/TisaSans.css text/css 59485 ::1
9/15/2019, 5:02:08 PM : GET 200 /css/fonts/SourceSans.css text/css 155 ::1
9/15/2019, 5:02:08 PM : GET 200 /css/fonts/Montserrat.css text/css 351109 ::1
9/15/2019, 5:02:08 PM : GET 200 /css/master.css text/css 2910 ::1
9/15/2019, 5:02:08 PM : GET 200 /css/article.css text/css 1187 ::1
9/15/2019, 5:02:14 PM : GET 200 /references text/html 2669 ::1
9/15/2019, 5:02:14 PM : GET 200 /js/jquery.min.js text/javascript 69969 ::1
9/15/2019, 5:02:14 PM : GET 200 /css/fonts/TisaSans.css text/css 59485 ::1
9/15/2019, 5:02:14 PM : GET 200 /css/fonts/SourceSans.css text/css 155 ::1
9/15/2019, 5:02:14 PM : GET 200 /css/fonts/Montserrat.css text/css 351109 ::1
9/15/2019, 5:02:14 PM : GET 200 /css/master.css text/css 2910 ::1
9/15/2019, 5:02:14 PM : GET 200 /css/article.css text/css 1088 ::1
9/15/2019, 5:03:33 PM : GET 200 /references text/html 2669 ::1
9/15/2019, 5:03:33 PM : GET 200 /js/jquery.min.js text/javascript 69969 ::1
9/15/2019, 5:03:33 PM : GET 200 /css/fonts/TisaSans.css text/css 59485 ::1
9/15/2019, 5:03:33 PM : GET 200 /css/fonts/SourceSans.css text/css 155 ::1
9/15/2019, 5:03:33 PM : GET 200 /css/fonts/Montserrat.css text/css 351109 ::1
9/15/2019, 5:03:33 PM : GET 200 /css/master.css text/css 2910 ::1
9/15/2019, 5:03:33 PM : GET 200 /css/article.css text/css 1138 ::1
9/15/2019, 5:03:49 PM : GET 200 /references text/html 2669 ::1
9/15/2019, 5:03:49 PM : GET 200 /js/jquery.min.js text/javascript 69969 ::1
9/15/2019, 5:03:49 PM : GET 200 /css/fonts/TisaSans.css text/css 59485 ::1
9/15/2019, 5:03:49 PM : GET 200 /css/fonts/SourceSans.css text/css 155 ::1
9/15/2019, 5:03:49 PM : GET 200 /css/fonts/Montserrat.css text/css 351109 ::1
9/15/2019, 5:03:49 PM : GET 200 /css/master.css text/css 2910 ::1
9/15/2019, 5:03:49 PM : GET 200 /css/article.css text/css 1187 ::1
9/15/2019, 5:04:14 PM : GET 200 /references text/html 2669 ::1
9/15/2019, 5:04:14 PM : GET 200 /js/jquery.min.js text/javascript 69969 ::1
9/15/2019, 5:04:14 PM : GET 200 /css/fonts/TisaSans.css text/css 59485 ::1
9/15/2019, 5:04:14 PM : GET 200 /css/fonts/SourceSans.css text/css 155 ::1
9/15/2019, 5:04:14 PM : GET 200 /css/fonts/Montserrat.css text/css 351109 ::1
9/15/2019, 5:04:14 PM : GET 200 /css/master.css text/css 2910 ::1
9/15/2019, 5:04:14 PM : GET 200 /css/article.css text/css 1222 ::1
9/15/2019, 5:04:19 PM : GET 200 /references text/html 2669 ::1
9/15/2019, 5:04:19 PM : GET 200 /js/jquery.min.js text/javascript 69969 ::1
9/15/2019, 5:04:19 PM : GET 200 /css/fonts/TisaSans.css text/css 59485 ::1
9/15/2019, 5:04:19 PM : GET 200 /css/fonts/SourceSans.css text/css 155 ::1
9/15/2019, 5:04:19 PM : GET 200 /css/fonts/Montserrat.css text/css 351109 ::1
9/15/2019, 5:04:19 PM : GET 200 /css/master.css text/css 2910 ::1
9/15/2019, 5:04:19 PM : GET 200 /css/article.css text/css 1222 ::1
9/15/2019, 5:04:19 PM : GET 404 /favicon.ico text/plain 47 ::1
9/15/2019, 5:04:32 PM : GET 200 /references text/html 2669 ::1
9/15/2019, 5:04:32 PM : GET 200 /js/jquery.min.js text/javascript 69969 ::1
9/15/2019, 5:04:32 PM : GET 200 /css/fonts/TisaSans.css text/css 59485 ::1
9/15/2019, 5:04:32 PM : GET 200 /css/fonts/SourceSans.css text/css 155 ::1
9/15/2019, 5:04:32 PM : GET 200 /css/fonts/Montserrat.css text/css 351109 ::1
9/15/2019, 5:04:32 PM : GET 200 /css/master.css text/css 2910 ::1
9/15/2019, 5:04:32 PM : GET 200 /css/article.css text/css 1220 ::1
9/15/2019, 5:04:39 PM : GET 200 /references text/html 2669 ::1
9/15/2019, 5:04:39 PM : GET 200 /js/jquery.min.js text/javascript 69969 ::1
9/15/2019, 5:04:39 PM : GET 200 /css/fonts/TisaSans.css text/css 59485 ::1
9/15/2019, 5:04:39 PM : GET 200 /css/fonts/SourceSans.css text/css 155 ::1
9/15/2019, 5:04:39 PM : GET 200 /css/fonts/Montserrat.css text/css 351109 ::1
9/15/2019, 5:04:39 PM : GET 200 /css/master.css text/css 2910 ::1
9/15/2019, 5:04:39 PM : GET 200 /css/article.css text/css 1220 ::1
9/15/2019, 5:08:09 PM : GET 200 /references text/html 2713 ::1
9/15/2019, 5:08:09 PM : GET 200 /js/jquery.min.js text/javascript 69969 ::1
9/15/2019, 5:08:09 PM : GET 200 /css/fonts/TisaSans.css text/css 59485 ::1
9/15/2019, 5:08:09 PM : GET 200 /css/fonts/SourceSans.css text/css 155 ::1
9/15/2019, 5:08:09 PM : GET 200 /css/fonts/Montserrat.css text/css 351109 ::1
9/15/2019, 5:08:09 PM : GET 200 /css/master.css text/css 2910 ::1
9/15/2019, 5:08:09 PM : GET 200 /css/article.css text/css 1369 ::1
9/15/2019, 5:08:09 PM : GET 200 /js/hoverpeek.js text/javascript 204 ::1
9/15/2019, 5:08:23 PM : GET 200 /references text/html 2742 ::1
9/15/2019, 5:08:23 PM : GET 200 /js/jquery.min.js text/javascript 69969 ::1
9/15/2019, 5:08:23 PM : GET 200 /css/fonts/TisaSans.css text/css 59485 ::1
9/15/2019, 5:08:23 PM : GET 200 /css/fonts/SourceSans.css text/css 155 ::1
9/15/2019, 5:08:23 PM : GET 200 /css/fonts/Montserrat.css text/css 351109 ::1
9/15/2019, 5:08:23 PM : GET 200 /css/master.css text/css 2910 ::1
9/15/2019, 5:08:23 PM : GET 200 /css/article.css text/css 1369 ::1
9/15/2019, 5:08:23 PM : GET 200 /js/hoverpeek.js text/javascript 204 ::1
9/15/2019, 5:08:39 PM : GET 200 /references text/html 2742 ::1
9/15/2019, 5:08:39 PM : GET 200 /js/jquery.min.js text/javascript 69969 ::1
9/15/2019, 5:08:39 PM : GET 200 /css/fonts/TisaSans.css text/css 59485 ::1
9/15/2019, 5:08:39 PM : GET 200 /css/fonts/Montserrat.css text/css 351109 ::1
9/15/2019, 5:08:39 PM : GET 200 /css/master.css text/css 2910 ::1
9/15/2019, 5:08:39 PM : GET 200 /css/article.css text/css 1392 ::1
9/15/2019, 5:08:39 PM : GET 200 /css/fonts/SourceSans.css text/css 155 ::1
9/15/2019, 5:08:39 PM : GET 200 /js/hoverpeek.js text/javascript 204 ::1
9/15/2019, 5:08:59 PM : GET 200 /references text/html 2742 ::1
9/15/2019, 5:08:59 PM : GET 200 /js/jquery.min.js text/javascript 69969 ::1
9/15/2019, 5:08:59 PM : GET 200 /css/fonts/TisaSans.css text/css 59485 ::1
9/15/2019, 5:08:59 PM : GET 200 /css/fonts/SourceSans.css text/css 155 ::1
9/15/2019, 5:08:59 PM : GET 200 /css/fonts/Montserrat.css text/css 351109 ::1
9/15/2019, 5:08:59 PM : GET 200 /css/master.css text/css 2910 ::1
9/15/2019, 5:08:59 PM : GET 200 /css/article.css text/css 1432 ::1
9/15/2019, 5:08:59 PM : GET 200 /js/hoverpeek.js text/javascript 204 ::1
9/15/2019, 5:09:04 PM : GET 200 /references text/html 2742 ::1
9/15/2019, 5:09:04 PM : GET 200 /js/jquery.min.js text/javascript 69969 ::1
9/15/2019, 5:09:04 PM : GET 200 /css/fonts/TisaSans.css text/css 59485 ::1
9/15/2019, 5:09:04 PM : GET 200 /css/fonts/SourceSans.css text/css 155 ::1
9/15/2019, 5:09:04 PM : GET 200 /css/fonts/Montserrat.css text/css 351109 ::1
9/15/2019, 5:09:04 PM : GET 200 /css/master.css text/css 2910 ::1
9/15/2019, 5:09:04 PM : GET 200 /css/article.css text/css 1432 ::1
9/15/2019, 5:09:04 PM : GET 200 /js/hoverpeek.js text/javascript 204 ::1
9/15/2019, 5:09:13 PM : GET 200 /references text/html 2742 ::1
9/15/2019, 5:09:13 PM : GET 200 /js/jquery.min.js text/javascript 69969 ::1
9/15/2019, 5:09:13 PM : GET 200 /css/fonts/TisaSans.css text/css 59485 ::1
9/15/2019, 5:09:13 PM : GET 200 /css/fonts/SourceSans.css text/css 155 ::1
9/15/2019, 5:09:13 PM : GET 200 /css/fonts/Montserrat.css text/css 351109 ::1
9/15/2019, 5:09:13 PM : GET 200 /css/master.css text/css 2910 ::1
9/15/2019, 5:09:13 PM : GET 200 /css/article.css text/css 1432 ::1
9/15/2019, 5:09:13 PM : GET 200 /js/hoverpeek.js text/javascript 204 ::1
9/15/2019, 5:09:40 PM : GET 200 /references text/html 2742 ::1
9/15/2019, 5:09:40 PM : GET 200 /js/jquery.min.js text/javascript 69969 ::1
9/15/2019, 5:09:40 PM : GET 200 /css/fonts/TisaSans.css text/css 59485 ::1
9/15/2019, 5:09:40 PM : GET 200 /css/fonts/SourceSans.css text/css 155 ::1
9/15/2019, 5:09:40 PM : GET 200 /css/fonts/Montserrat.css text/css 351109 ::1
9/15/2019, 5:09:40 PM : GET 200 /css/master.css text/css 2910 ::1
9/15/2019, 5:09:40 PM : GET 200 /css/article.css text/css 1432 ::1
9/15/2019, 5:09:40 PM : GET 200 /js/hoverpeek.js text/javascript 212 ::1
9/15/2019, 5:09:46 PM : GET 200 /references text/html 2742 ::1
9/15/2019, 5:09:46 PM : GET 200 /js/jquery.min.js text/javascript 69969 ::1
9/15/2019, 5:09:46 PM : GET 200 /css/fonts/TisaSans.css text/css 59485 ::1
9/15/2019, 5:09:46 PM : GET 200 /css/fonts/SourceSans.css text/css 155 ::1
9/15/2019, 5:09:46 PM : GET 200 /css/fonts/Montserrat.css text/css 351109 ::1
9/15/2019, 5:09:46 PM : GET 200 /css/master.css text/css 2910 ::1
9/15/2019, 5:09:46 PM : GET 200 /css/article.css text/css 1432 ::1
9/15/2019, 5:09:46 PM : GET 200 /js/hoverpeek.js text/javascript 210 ::1
9/15/2019, 5:11:31 PM : GET 200 /references text/html 2742 ::1
9/15/2019, 5:11:31 PM : GET 200 /js/jquery.min.js text/javascript 69969 ::1
9/15/2019, 5:11:31 PM : GET 200 /css/fonts/TisaSans.css text/css 59485 ::1
9/15/2019, 5:11:31 PM : GET 200 /css/fonts/SourceSans.css text/css 155 ::1
9/15/2019, 5:11:31 PM : GET 200 /css/fonts/Montserrat.css text/css 351109 ::1
9/15/2019, 5:11:31 PM : GET 200 /css/master.css text/css 2910 ::1
9/15/2019, 5:11:31 PM : GET 200 /css/article.css text/css 1432 ::1
9/15/2019, 5:11:31 PM : GET 200 /js/hoverpeek.js text/javascript 360 ::1
9/15/2019, 5:11:56 PM : GET 200 /references text/html 2742 ::1
9/15/2019, 5:11:56 PM : GET 200 /js/jquery.min.js text/javascript 69969 ::1
9/15/2019, 5:11:56 PM : GET 200 /css/fonts/TisaSans.css text/css 59485 ::1
9/15/2019, 5:11:56 PM : GET 200 /css/fonts/SourceSans.css text/css 155 ::1
9/15/2019, 5:11:56 PM : GET 200 /css/fonts/Montserrat.css text/css 351109 ::1
9/15/2019, 5:11:56 PM : GET 200 /css/master.css text/css 2910 ::1
9/15/2019, 5:11:56 PM : GET 200 /css/article.css text/css 1432 ::1
9/15/2019, 5:11:56 PM : GET 200 /js/hoverpeek.js text/javascript 372 ::1
9/15/2019, 5:13:22 PM : GET 200 /references text/html 2742 ::1
9/15/2019, 5:13:22 PM : GET 200 /js/jquery.min.js text/javascript 69969 ::1
9/15/2019, 5:13:22 PM : GET 200 /css/fonts/TisaSans.css text/css 59485 ::1
9/15/2019, 5:13:22 PM : GET 200 /css/fonts/SourceSans.css text/css 155 ::1
9/15/2019, 5:13:22 PM : GET 200 /css/fonts/Montserrat.css text/css 351109 ::1
9/15/2019, 5:13:22 PM : GET 200 /css/master.css text/css 2910 ::1
9/15/2019, 5:13:22 PM : GET 200 /css/article.css text/css 1432 ::1
9/15/2019, 5:13:22 PM : GET 200 /js/hoverpeek.js text/javascript 471 ::1
9/15/2019, 5:13:30 PM : GET 200 /css/fonts/TisaSans.css text/css 59485 ::1
9/15/2019, 5:13:30 PM : GET 200 /css/fonts/SourceSans.css text/css 155 ::1
9/15/2019, 5:13:30 PM : GET 200 /css/fonts/Montserrat.css text/css 351109 ::1
9/15/2019, 5:13:30 PM : GET 200 /css/master.css text/css 2910 ::1
9/15/2019, 5:13:30 PM : GET 200 /css/article.css text/css 1432 ::1
9/15/2019, 5:13:44 PM : GET 200 /references text/html 2742 ::1
9/15/2019, 5:13:44 PM : GET 200 /js/jquery.min.js text/javascript 69969 ::1
9/15/2019, 5:13:44 PM : GET 200 /css/fonts/TisaSans.css text/css 59485 ::1
9/15/2019, 5:13:44 PM : GET 200 /css/fonts/SourceSans.css text/css 155 ::1
9/15/2019, 5:13:44 PM : GET 200 /css/fonts/Montserrat.css text/css 351109 ::1
9/15/2019, 5:13:44 PM : GET 200 /css/master.css text/css 2910 ::1
9/15/2019, 5:13:44 PM : GET 200 /css/article.css text/css 1432 ::1
9/15/2019, 5:13:44 PM : GET 200 /js/hoverpeek.js text/javascript 464 ::1
9/15/2019, 5:13:59 PM : GET 200 /references text/html 2742 ::1
9/15/2019, 5:13:59 PM : GET 200 /js/jquery.min.js text/javascript 69969 ::1
9/15/2019, 5:13:59 PM : GET 200 /css/fonts/TisaSans.css text/css 59485 ::1
9/15/2019, 5:13:59 PM : GET 200 /css/fonts/SourceSans.css text/css 155 ::1
9/15/2019, 5:13:59 PM : GET 200 /css/fonts/Montserrat.css text/css 351109 ::1
9/15/2019, 5:13:59 PM : GET 200 /css/master.css text/css 2910 ::1
9/15/2019, 5:13:59 PM : GET 200 /css/article.css text/css 1432 ::1
9/15/2019, 5:13:59 PM : GET 200 /js/hoverpeek.js text/javascript 464 ::1
9/15/2019, 5:14:21 PM : GET 200 /references text/html 2742 ::1
9/15/2019, 5:14:21 PM : GET 200 /js/jquery.min.js text/javascript 69969 ::1
9/15/2019, 5:14:21 PM : GET 200 /css/fonts/TisaSans.css text/css 59485 ::1
9/15/2019, 5:14:21 PM : GET 200 /css/fonts/SourceSans.css text/css 155 ::1
9/15/2019, 5:14:21 PM : GET 200 /css/fonts/Montserrat.css text/css 351109 ::1
9/15/2019, 5:14:21 PM : GET 200 /css/master.css text/css 2910 ::1
9/15/2019, 5:14:21 PM : GET 200 /css/article.css text/css 1432 ::1
9/15/2019, 5:14:21 PM : GET 200 /js/hoverpeek.js text/javascript 473 ::1
9/15/2019, 5:14:32 PM : GET 200 /references text/html 2742 ::1
9/15/2019, 5:14:32 PM : GET 200 /js/jquery.min.js text/javascript 69969 ::1
9/15/2019, 5:14:32 PM : GET 200 /css/fonts/TisaSans.css text/css 59485 ::1
9/15/2019, 5:14:32 PM : GET 200 /css/fonts/SourceSans.css text/css 155 ::1
9/15/2019, 5:14:32 PM : GET 200 /css/fonts/Montserrat.css text/css 351109 ::1
9/15/2019, 5:14:32 PM : GET 200 /css/master.css text/css 2910 ::1
9/15/2019, 5:14:32 PM : GET 200 /css/article.css text/css 1432 ::1
9/15/2019, 5:14:32 PM : GET 200 /js/hoverpeek.js text/javascript 473 ::1
9/15/2019, 5:15:47 PM : GET 200 /references text/html 2742 ::1
9/15/2019, 5:15:47 PM : GET 200 /js/jquery.min.js text/javascript 69969 ::1
9/15/2019, 5:15:47 PM : GET 200 /css/fonts/TisaSans.css text/css 59485 ::1
9/15/2019, 5:15:47 PM : GET 200 /css/fonts/SourceSans.css text/css 155 ::1
9/15/2019, 5:15:47 PM : GET 200 /css/fonts/Montserrat.css text/css 351109 ::1
9/15/2019, 5:15:47 PM : GET 200 /css/master.css text/css 2910 ::1
9/15/2019, 5:15:47 PM : GET 200 /css/article.css text/css 1432 ::1
9/15/2019, 5:15:47 PM : GET 200 /js/hoverpeek.js text/javascript 442 ::1
9/15/2019, 5:17:31 PM : GET 200 /references text/html 2742 ::1
9/15/2019, 5:17:31 PM : GET 200 /js/jquery.min.js text/javascript 69969 ::1
9/15/2019, 5:17:31 PM : GET 200 /css/fonts/TisaSans.css text/css 59485 ::1
9/15/2019, 5:17:31 PM : GET 200 /css/fonts/SourceSans.css text/css 155 ::1
9/15/2019, 5:17:31 PM : GET 200 /css/fonts/Montserrat.css text/css 351109 ::1
9/15/2019, 5:17:31 PM : GET 200 /css/master.css text/css 2910 ::1
9/15/2019, 5:17:31 PM : GET 200 /css/article.css text/css 1399 ::1
9/15/2019, 5:17:31 PM : GET 200 /js/hoverpeek.js text/javascript 505 ::1
9/15/2019, 5:17:46 PM : GET 200 /references text/html 2742 ::1
9/15/2019, 5:17:46 PM : GET 200 /js/jquery.min.js text/javascript 69969 ::1
9/15/2019, 5:17:46 PM : GET 200 /css/fonts/TisaSans.css text/css 59485 ::1
9/15/2019, 5:17:46 PM : GET 200 /css/fonts/SourceSans.css text/css 155 ::1
9/15/2019, 5:17:46 PM : GET 200 /js/hoverpeek.js text/javascript 515 ::1
9/15/2019, 5:17:46 PM : GET 200 /css/fonts/Montserrat.css text/css 351109 ::1
9/15/2019, 5:17:46 PM : GET 200 /css/master.css text/css 2910 ::1
9/15/2019, 5:17:46 PM : GET 200 /css/article.css text/css 1399 ::1
9/15/2019, 5:18:18 PM : GET 200 /references text/html 2742 ::1
9/15/2019, 5:18:18 PM : GET 200 /js/jquery.min.js text/javascript 69969 ::1
9/15/2019, 5:18:18 PM : GET 200 /css/fonts/TisaSans.css text/css 59485 ::1
9/15/2019, 5:18:18 PM : GET 200 /css/fonts/SourceSans.css text/css 155 ::1
9/15/2019, 5:18:18 PM : GET 200 /css/fonts/Montserrat.css text/css 351109 ::1
9/15/2019, 5:18:18 PM : GET 200 /css/master.css text/css 2910 ::1
9/15/2019, 5:18:18 PM : GET 200 /css/article.css text/css 1399 ::1
9/15/2019, 5:18:18 PM : GET 200 /js/hoverpeek.js text/javascript 505 ::1
9/15/2019, 5:18:51 PM : GET 200 /references text/html 2742 ::1
9/15/2019, 5:18:51 PM : GET 200 /js/jquery.min.js text/javascript 69969 ::1
9/15/2019, 5:18:51 PM : GET 200 /css/fonts/TisaSans.css text/css 59485 ::1
9/15/2019, 5:18:51 PM : GET 200 /css/fonts/SourceSans.css text/css 155 ::1
9/15/2019, 5:18:51 PM : GET 200 /css/fonts/Montserrat.css text/css 351109 ::1
9/15/2019, 5:18:51 PM : GET 200 /css/master.css text/css 2910 ::1
9/15/2019, 5:18:51 PM : GET 200 /css/article.css text/css 1399 ::1
9/15/2019, 5:18:51 PM : GET 200 /js/hoverpeek.js text/javascript 501 ::1
9/15/2019, 5:19:10 PM : GET 200 /references text/html 2742 ::1
9/15/2019, 5:19:10 PM : GET 200 /js/jquery.min.js text/javascript 69969 ::1
9/15/2019, 5:19:10 PM : GET 200 /css/fonts/TisaSans.css text/css 59485 ::1
9/15/2019, 5:19:10 PM : GET 200 /css/fonts/SourceSans.css text/css 155 ::1
9/15/2019, 5:19:10 PM : GET 200 /css/fonts/Montserrat.css text/css 351109 ::1
9/15/2019, 5:19:10 PM : GET 200 /css/master.css text/css 2910 ::1
9/15/2019, 5:19:10 PM : GET 200 /css/article.css text/css 1399 ::1
9/15/2019, 5:19:10 PM : GET 200 /js/hoverpeek.js text/javascript 507 ::1
9/15/2019, 5:19:17 PM : GET 200 /references text/html 2742 ::1
9/15/2019, 5:19:17 PM : GET 200 /js/jquery.min.js text/javascript 69969 ::1
9/15/2019, 5:19:17 PM : GET 200 /css/fonts/TisaSans.css text/css 59485 ::1
9/15/2019, 5:19:17 PM : GET 200 /css/fonts/SourceSans.css text/css 155 ::1
9/15/2019, 5:19:17 PM : GET 200 /css/fonts/Montserrat.css text/css 351109 ::1
9/15/2019, 5:19:17 PM : GET 200 /css/master.css text/css 2910 ::1
9/15/2019, 5:19:17 PM : GET 200 /css/article.css text/css 1399 ::1
9/15/2019, 5:19:17 PM : GET 200 /js/hoverpeek.js text/javascript 507 ::1
9/15/2019, 5:19:17 PM : GET 404 /favicon.ico text/plain 47 ::1
9/15/2019, 5:19:46 PM : GET 200 /css/fonts/TisaSans.css text/css 59485 ::1
9/15/2019, 5:19:46 PM : GET 200 /css/fonts/SourceSans.css text/css 155 ::1
9/15/2019, 5:19:46 PM : GET 200 /css/fonts/Montserrat.css text/css 351109 ::1
9/15/2019, 5:19:46 PM : GET 200 /css/master.css text/css 2910 ::1
9/15/2019, 5:19:46 PM : GET 200 /css/article.css text/css 1399 ::1
9/15/2019, 5:20:08 PM : GET 200 /references text/html 2742 ::1
9/15/2019, 5:20:08 PM : GET 200 /js/jquery.min.js text/javascript 69969 ::1
9/15/2019, 5:20:08 PM : GET 200 /css/fonts/TisaSans.css text/css 59485 ::1
9/15/2019, 5:20:08 PM : GET 200 /css/fonts/SourceSans.css text/css 155 ::1
9/15/2019, 5:20:08 PM : GET 200 /css/fonts/Montserrat.css text/css 351109 ::1
9/15/2019, 5:20:08 PM : GET 200 /css/master.css text/css 2910 ::1
9/15/2019, 5:20:08 PM : GET 200 /css/article.css text/css 1399 ::1
9/15/2019, 5:20:08 PM : GET 200 /js/hoverpeek.js text/javascript 531 ::1
9/15/2019, 5:20:09 PM : GET 200 /css/fonts/TisaSans.css text/css 59485 ::1
9/15/2019, 5:20:09 PM : GET 200 /css/fonts/SourceSans.css text/css 155 ::1
9/15/2019, 5:20:09 PM : GET 200 /css/fonts/Montserrat.css text/css 351109 ::1
9/15/2019, 5:20:09 PM : GET 200 /css/master.css text/css 2910 ::1
9/15/2019, 5:20:09 PM : GET 200 /css/article.css text/css 1399 ::1
9/15/2019, 5:20:26 PM : GET 200 /references text/html 2742 ::1
9/15/2019, 5:20:26 PM : GET 200 /js/jquery.min.js text/javascript 69969 ::1
9/15/2019, 5:20:26 PM : GET 200 /css/fonts/TisaSans.css text/css 59485 ::1
9/15/2019, 5:20:26 PM : GET 200 /css/fonts/SourceSans.css text/css 155 ::1
9/15/2019, 5:20:26 PM : GET 200 /css/fonts/Montserrat.css text/css 351109 ::1
9/15/2019, 5:20:26 PM : GET 200 /css/master.css text/css 2910 ::1
9/15/2019, 5:20:26 PM : GET 200 /css/article.css text/css 1399 ::1
9/15/2019, 5:20:26 PM : GET 200 /js/hoverpeek.js text/javascript 535 ::1
9/15/2019, 5:21:13 PM : GET 200 /references text/html 2742 ::1
9/15/2019, 5:21:13 PM : GET 200 /js/jquery.min.js text/javascript 69969 ::1
9/15/2019, 5:21:13 PM : GET 200 /css/fonts/TisaSans.css text/css 59485 ::1
9/15/2019, 5:21:13 PM : GET 200 /js/hoverpeek.js text/javascript 511 ::1
9/15/2019, 5:21:13 PM : GET 200 /css/fonts/SourceSans.css text/css 155 ::1
9/15/2019, 5:21:13 PM : GET 200 /css/fonts/Montserrat.css text/css 351109 ::1
9/15/2019, 5:21:13 PM : GET 200 /css/master.css text/css 2910 ::1
9/15/2019, 5:21:13 PM : GET 200 /css/article.css text/css 1399 ::1
9/15/2019, 5:21:23 PM : GET 200 /references text/html 2742 ::1
9/15/2019, 5:21:23 PM : GET 200 /js/jquery.min.js text/javascript 69969 ::1
9/15/2019, 5:21:23 PM : GET 200 /css/fonts/TisaSans.css text/css 59485 ::1
9/15/2019, 5:21:23 PM : GET 200 /css/fonts/SourceSans.css text/css 155 ::1
9/15/2019, 5:21:23 PM : GET 200 /css/fonts/Montserrat.css text/css 351109 ::1
9/15/2019, 5:21:23 PM : GET 200 /css/master.css text/css 2910 ::1
9/15/2019, 5:21:23 PM : GET 200 /css/article.css text/css 1405 ::1
9/15/2019, 5:21:23 PM : GET 200 /js/hoverpeek.js text/javascript 511 ::1
9/15/2019, 5:21:37 PM : GET 200 /references text/html 2742 ::1
9/15/2019, 5:21:37 PM : GET 200 /js/jquery.min.js text/javascript 69969 ::1
9/15/2019, 5:21:37 PM : GET 200 /css/fonts/TisaSans.css text/css 59485 ::1
9/15/2019, 5:21:37 PM : GET 200 /css/fonts/SourceSans.css text/css 155 ::1
9/15/2019, 5:21:37 PM : GET 200 /css/fonts/Montserrat.css text/css 351109 ::1
9/15/2019, 5:21:37 PM : GET 200 /css/master.css text/css 2910 ::1
9/15/2019, 5:21:37 PM : GET 200 /css/article.css text/css 1428 ::1
9/15/2019, 5:21:37 PM : GET 200 /js/hoverpeek.js text/javascript 511 ::1
9/15/2019, 5:21:58 PM : GET 200 /references text/html 2742 ::1
9/15/2019, 5:21:58 PM : GET 200 /js/jquery.min.js text/javascript 69969 ::1
9/15/2019, 5:21:58 PM : GET 200 /css/fonts/TisaSans.css text/css 59485 ::1
9/15/2019, 5:21:58 PM : GET 200 /css/fonts/SourceSans.css text/css 155 ::1
9/15/2019, 5:21:58 PM : GET 200 /css/fonts/Montserrat.css text/css 351109 ::1
9/15/2019, 5:21:58 PM : GET 200 /css/master.css text/css 2910 ::1
9/15/2019, 5:21:58 PM : GET 200 /css/article.css text/css 1421 ::1
9/15/2019, 5:21:58 PM : GET 200 /js/hoverpeek.js text/javascript 511 ::1
9/15/2019, 5:22:12 PM : GET 200 /references text/html 2742 ::1
9/15/2019, 5:22:12 PM : GET 200 /js/jquery.min.js text/javascript 69969 ::1
9/15/2019, 5:22:12 PM : GET 200 /css/fonts/TisaSans.css text/css 59485 ::1
9/15/2019, 5:22:12 PM : GET 200 /css/fonts/SourceSans.css text/css 155 ::1
9/15/2019, 5:22:12 PM : GET 200 /css/fonts/Montserrat.css text/css 351109 ::1
9/15/2019, 5:22:12 PM : GET 200 /css/master.css text/css 2910 ::1
9/15/2019, 5:22:12 PM : GET 200 /css/article.css text/css 1421 ::1
9/15/2019, 5:22:12 PM : GET 200 /js/hoverpeek.js text/javascript 511 ::1
9/15/2019, 5:22:30 PM : GET 200 /references text/html 2742 ::1
9/15/2019, 5:22:30 PM : GET 200 /js/jquery.min.js text/javascript 69969 ::1
9/15/2019, 5:22:30 PM : GET 200 /css/fonts/TisaSans.css text/css 59485 ::1
9/15/2019, 5:22:30 PM : GET 200 /css/fonts/SourceSans.css text/css 155 ::1
9/15/2019, 5:22:30 PM : GET 200 /css/fonts/Montserrat.css text/css 351109 ::1
9/15/2019, 5:22:30 PM : GET 200 /css/master.css text/css 2910 ::1
9/15/2019, 5:22:30 PM : GET 200 /css/article.css text/css 1421 ::1
9/15/2019, 5:22:30 PM : GET 200 /js/hoverpeek.js text/javascript 518 ::1
9/15/2019, 5:22:45 PM : GET 200 /references text/html 2742 ::1
9/15/2019, 5:22:45 PM : GET 200 /js/jquery.min.js text/javascript 69969 ::1
9/15/2019, 5:22:45 PM : GET 200 /css/fonts/TisaSans.css text/css 59485 ::1
9/15/2019, 5:22:45 PM : GET 200 /css/fonts/SourceSans.css text/css 155 ::1
9/15/2019, 5:22:45 PM : GET 200 /css/fonts/Montserrat.css text/css 351109 ::1
9/15/2019, 5:22:45 PM : GET 200 /css/master.css text/css 2910 ::1
9/15/2019, 5:22:45 PM : GET 200 /css/article.css text/css 1421 ::1
9/15/2019, 5:22:45 PM : GET 200 /js/hoverpeek.js text/javascript 518 ::1
9/15/2019, 5:23:09 PM : GET 200 /references text/html 2742 ::1
9/15/2019, 5:23:09 PM : GET 200 /js/jquery.min.js text/javascript 69969 ::1
9/15/2019, 5:23:09 PM : GET 200 /css/fonts/TisaSans.css text/css 59485 ::1
9/15/2019, 5:23:09 PM : GET 200 /css/fonts/SourceSans.css text/css 155 ::1
9/15/2019, 5:23:09 PM : GET 200 /css/fonts/Montserrat.css text/css 351109 ::1
9/15/2019, 5:23:09 PM : GET 200 /css/master.css text/css 2910 ::1
9/15/2019, 5:23:10 PM : GET 200 /css/article.css text/css 1444 ::1
9/15/2019, 5:23:10 PM : GET 200 /js/hoverpeek.js text/javascript 518 ::1
9/15/2019, 5:23:25 PM : GET 200 /references text/html 2742 ::1
9/15/2019, 5:23:25 PM : GET 200 /js/jquery.min.js text/javascript 69969 ::1
9/15/2019, 5:23:25 PM : GET 200 /css/fonts/TisaSans.css text/css 59485 ::1
9/15/2019, 5:23:25 PM : GET 200 /css/fonts/SourceSans.css text/css 155 ::1
9/15/2019, 5:23:25 PM : GET 200 /css/fonts/Montserrat.css text/css 351109 ::1
9/15/2019, 5:23:25 PM : GET 200 /css/master.css text/css 2910 ::1
9/15/2019, 5:23:25 PM : GET 200 /css/article.css text/css 1469 ::1
9/15/2019, 5:23:25 PM : GET 200 /js/hoverpeek.js text/javascript 518 ::1
9/15/2019, 5:23:42 PM : GET 200 /references text/html 2742 ::1
9/15/2019, 5:23:43 PM : GET 200 /js/jquery.min.js text/javascript 69969 ::1
9/15/2019, 5:23:43 PM : GET 200 /css/fonts/TisaSans.css text/css 59485 ::1
9/15/2019, 5:23:43 PM : GET 200 /css/fonts/SourceSans.css text/css 155 ::1
9/15/2019, 5:23:43 PM : GET 200 /js/hoverpeek.js text/javascript 518 ::1
9/15/2019, 5:23:43 PM : GET 200 /css/fonts/Montserrat.css text/css 351109 ::1
9/15/2019, 5:23:43 PM : GET 200 /css/master.css text/css 2910 ::1
9/15/2019, 5:23:43 PM : GET 200 /css/article.css text/css 1475 ::1
9/15/2019, 5:24:01 PM : GET 200 /references text/html 2742 ::1
9/15/2019, 5:24:01 PM : GET 200 /js/jquery.min.js text/javascript 69969 ::1
9/15/2019, 5:24:01 PM : GET 200 /css/fonts/TisaSans.css text/css 59485 ::1
9/15/2019, 5:24:01 PM : GET 200 /css/fonts/SourceSans.css text/css 155 ::1
9/15/2019, 5:24:01 PM : GET 200 /css/fonts/Montserrat.css text/css 351109 ::1
9/15/2019, 5:24:01 PM : GET 200 /css/master.css text/css 2910 ::1
9/15/2019, 5:24:01 PM : GET 200 /css/article.css text/css 1494 ::1
9/15/2019, 5:24:01 PM : GET 200 /js/hoverpeek.js text/javascript 518 ::1
9/15/2019, 5:24:09 PM : GET 200 /references text/html 2742 ::1
9/15/2019, 5:24:09 PM : GET 200 /js/jquery.min.js text/javascript 69969 ::1
9/15/2019, 5:24:09 PM : GET 200 /css/fonts/SourceSans.css text/css 155 ::1
9/15/2019, 5:24:09 PM : GET 200 /css/fonts/TisaSans.css text/css 59485 ::1
9/15/2019, 5:24:09 PM : GET 200 /css/fonts/Montserrat.css text/css 351109 ::1
9/15/2019, 5:24:09 PM : GET 200 /css/master.css text/css 2910 ::1
9/15/2019, 5:24:09 PM : GET 200 /css/article.css text/css 1499 ::1
9/15/2019, 5:24:09 PM : GET 200 /js/hoverpeek.js text/javascript 518 ::1
9/15/2019, 5:24:20 PM : GET 200 /references text/html 2742 ::1
9/15/2019, 5:24:20 PM : GET 200 /js/jquery.min.js text/javascript 69969 ::1
9/15/2019, 5:24:20 PM : GET 200 /css/fonts/TisaSans.css text/css 59485 ::1
9/15/2019, 5:24:20 PM : GET 200 /css/fonts/SourceSans.css text/css 155 ::1
9/15/2019, 5:24:20 PM : GET 200 /css/fonts/Montserrat.css text/css 351109 ::1
9/15/2019, 5:24:20 PM : GET 200 /css/master.css text/css 2910 ::1
9/15/2019, 5:24:20 PM : GET 200 /css/article.css text/css 1491 ::1
9/15/2019, 5:24:20 PM : GET 200 /js/hoverpeek.js text/javascript 518 ::1
9/15/2019, 5:24:43 PM : GET 200 /references text/html 2742 ::1
9/15/2019, 5:24:43 PM : GET 200 /js/jquery.min.js text/javascript 69969 ::1
9/15/2019, 5:24:43 PM : GET 200 /js/hoverpeek.js text/javascript 518 ::1
9/15/2019, 5:24:43 PM : GET 200 /css/fonts/TisaSans.css text/css 59485 ::1
9/15/2019, 5:24:43 PM : GET 200 /css/fonts/SourceSans.css text/css 155 ::1
9/15/2019, 5:24:43 PM : GET 200 /css/fonts/Montserrat.css text/css 351109 ::1
9/15/2019, 5:24:43 PM : GET 200 /css/master.css text/css 2910 ::1
9/15/2019, 5:24:43 PM : GET 200 /css/article.css text/css 1514 ::1
9/15/2019, 5:25:04 PM : GET 200 /references text/html 2742 ::1
9/15/2019, 5:25:04 PM : GET 200 /js/jquery.min.js text/javascript 69969 ::1
9/15/2019, 5:25:04 PM : GET 200 /css/fonts/TisaSans.css text/css 59485 ::1
9/15/2019, 5:25:04 PM : GET 200 /css/fonts/SourceSans.css text/css 155 ::1
9/15/2019, 5:25:04 PM : GET 200 /css/fonts/Montserrat.css text/css 351109 ::1
9/15/2019, 5:25:04 PM : GET 200 /css/master.css text/css 2910 ::1
9/15/2019, 5:25:04 PM : GET 200 /css/article.css text/css 1562 ::1
9/15/2019, 5:25:04 PM : GET 200 /js/hoverpeek.js text/javascript 518 ::1
9/15/2019, 5:25:11 PM : GET 200 /references text/html 2742 ::1
9/15/2019, 5:25:11 PM : GET 200 /js/jquery.min.js text/javascript 69969 ::1
9/15/2019, 5:25:11 PM : GET 200 /css/fonts/TisaSans.css text/css 59485 ::1
9/15/2019, 5:25:11 PM : GET 200 /css/fonts/SourceSans.css text/css 155 ::1
9/15/2019, 5:25:11 PM : GET 200 /css/fonts/Montserrat.css text/css 351109 ::1
9/15/2019, 5:25:11 PM : GET 200 /css/master.css text/css 2910 ::1
9/15/2019, 5:25:11 PM : GET 200 /css/article.css text/css 1562 ::1
9/15/2019, 5:25:11 PM : GET 200 /js/hoverpeek.js text/javascript 518 ::1
9/15/2019, 5:25:30 PM : GET 200 /references text/html 2742 ::1
9/15/2019, 5:25:30 PM : GET 200 /js/jquery.min.js text/javascript 69969 ::1
9/15/2019, 5:25:30 PM : GET 200 /css/fonts/TisaSans.css text/css 59485 ::1
9/15/2019, 5:25:30 PM : GET 200 /css/fonts/SourceSans.css text/css 155 ::1
9/15/2019, 5:25:30 PM : GET 200 /css/fonts/Montserrat.css text/css 351109 ::1
9/15/2019, 5:25:30 PM : GET 200 /css/master.css text/css 2910 ::1
9/15/2019, 5:25:30 PM : GET 200 /css/article.css text/css 1568 ::1
9/15/2019, 5:25:30 PM : GET 200 /js/hoverpeek.js text/javascript 518 ::1
9/15/2019, 5:25:41 PM : GET 200 /references text/html 2742 ::1
9/15/2019, 5:25:41 PM : GET 200 /js/jquery.min.js text/javascript 69969 ::1
9/15/2019, 5:25:41 PM : GET 200 /css/fonts/TisaSans.css text/css 59485 ::1
9/15/2019, 5:25:41 PM : GET 200 /css/fonts/SourceSans.css text/css 155 ::1
9/15/2019, 5:25:41 PM : GET 200 /css/fonts/Montserrat.css text/css 351109 ::1
9/15/2019, 5:25:41 PM : GET 200 /css/master.css text/css 2910 ::1
9/15/2019, 5:25:41 PM : GET 200 /css/article.css text/css 1569 ::1
9/15/2019, 5:25:41 PM : GET 200 /js/hoverpeek.js text/javascript 518 ::1
9/15/2019, 5:25:42 PM : GET 200 /references text/html 2742 ::1
9/15/2019, 5:25:42 PM : GET 200 /js/jquery.min.js text/javascript 69969 ::1
9/15/2019, 5:25:42 PM : GET 200 /css/fonts/TisaSans.css text/css 59485 ::1
9/15/2019, 5:25:42 PM : GET 200 /css/fonts/SourceSans.css text/css 155 ::1
9/15/2019, 5:25:42 PM : GET 200 /css/fonts/Montserrat.css text/css 351109 ::1
9/15/2019, 5:25:42 PM : GET 200 /css/master.css text/css 2910 ::1
9/15/2019, 5:25:42 PM : GET 200 /css/article.css text/css 1569 ::1
9/15/2019, 5:25:42 PM : GET 200 /js/hoverpeek.js text/javascript 518 ::1
9/15/2019, 5:25:42 PM : GET 200 /references text/html 2742 ::1
9/15/2019, 5:25:42 PM : GET 200 /js/jquery.min.js text/javascript 69969 ::1
9/15/2019, 5:25:42 PM : GET 200 /css/fonts/TisaSans.css text/css 59485 ::1
9/15/2019, 5:25:42 PM : GET 200 /css/fonts/SourceSans.css text/css 155 ::1
9/15/2019, 5:25:42 PM : GET 200 /css/fonts/Montserrat.css text/css 351109 ::1
9/15/2019, 5:25:42 PM : GET 200 /css/master.css text/css 2910 ::1
9/15/2019, 5:25:42 PM : GET 200 /css/article.css text/css 1569 ::1
9/15/2019, 5:25:42 PM : GET 200 /js/hoverpeek.js text/javascript 518 ::1
9/15/2019, 5:25:42 PM : GET 200 /references text/html 2742 ::1
9/15/2019, 5:25:42 PM : GET 200 /js/jquery.min.js text/javascript 69969 ::1
9/15/2019, 5:25:42 PM : GET 200 /css/fonts/TisaSans.css text/css 59485 ::1
9/15/2019, 5:25:43 PM : GET 200 /css/fonts/SourceSans.css text/css 155 ::1
9/15/2019, 5:25:43 PM : GET 200 /css/fonts/Montserrat.css text/css 351109 ::1
9/15/2019, 5:25:43 PM : GET 200 /css/master.css text/css 2910 ::1
9/15/2019, 5:25:43 PM : GET 200 /css/article.css text/css 1569 ::1
9/15/2019, 5:25:43 PM : GET 200 /js/hoverpeek.js text/javascript 518 ::1
9/15/2019, 5:25:55 PM : GET 200 /references text/html 2742 ::1
9/15/2019, 5:25:55 PM : GET 200 /js/jquery.min.js text/javascript 69969 ::1
9/15/2019, 5:25:55 PM : GET 200 /css/fonts/TisaSans.css text/css 59485 ::1
9/15/2019, 5:25:55 PM : GET 200 /css/fonts/SourceSans.css text/css 155 ::1
9/15/2019, 5:25:55 PM : GET 200 /css/fonts/Montserrat.css text/css 351109 ::1
9/15/2019, 5:25:55 PM : GET 200 /css/master.css text/css 2910 ::1
9/15/2019, 5:25:55 PM : GET 200 /css/article.css text/css 1569 ::1
9/15/2019, 5:25:55 PM : GET 200 /js/hoverpeek.js text/javascript 518 ::1
9/15/2019, 5:25:56 PM : GET 200 /references text/html 2742 ::1
9/15/2019, 5:25:56 PM : GET 200 /js/jquery.min.js text/javascript 69969 ::1
9/15/2019, 5:25:56 PM : GET 200 /css/fonts/TisaSans.css text/css 59485 ::1
9/15/2019, 5:25:56 PM : GET 200 /css/fonts/SourceSans.css text/css 155 ::1
9/15/2019, 5:25:56 PM : GET 200 /css/fonts/Montserrat.css text/css 351109 ::1
9/15/2019, 5:25:56 PM : GET 200 /css/master.css text/css 2910 ::1
9/15/2019, 5:25:56 PM : GET 200 /css/article.css text/css 1569 ::1
9/15/2019, 5:25:56 PM : GET 200 /js/hoverpeek.js text/javascript 518 ::1
9/15/2019, 5:26:08 PM : GET 200 /references text/html 2742 ::1
9/15/2019, 5:26:08 PM : GET 200 /js/jquery.min.js text/javascript 69969 ::1
9/15/2019, 5:26:08 PM : GET 200 /css/fonts/TisaSans.css text/css 59485 ::1
9/15/2019, 5:26:08 PM : GET 200 /css/fonts/SourceSans.css text/css 155 ::1
9/15/2019, 5:26:08 PM : GET 200 /css/fonts/Montserrat.css text/css 351109 ::1
9/15/2019, 5:26:08 PM : GET 200 /css/master.css text/css 2910 ::1
9/15/2019, 5:26:08 PM : GET 200 /css/article.css text/css 1516 ::1
9/15/2019, 5:26:08 PM : GET 200 /js/hoverpeek.js text/javascript 518 ::1
9/15/2019, 5:26:12 PM : GET 200 /references text/html 2742 ::1
9/15/2019, 5:26:12 PM : GET 200 /js/jquery.min.js text/javascript 69969 ::1
9/15/2019, 5:26:12 PM : GET 200 /css/fonts/TisaSans.css text/css 59485 ::1
9/15/2019, 5:26:12 PM : GET 200 /css/fonts/SourceSans.css text/css 155 ::1
9/15/2019, 5:26:12 PM : GET 200 /css/fonts/Montserrat.css text/css 351109 ::1
9/15/2019, 5:26:12 PM : GET 200 /css/master.css text/css 2910 ::1
9/15/2019, 5:26:12 PM : GET 200 /css/article.css text/css 1510 ::1
9/15/2019, 5:26:12 PM : GET 200 /js/hoverpeek.js text/javascript 518 ::1
9/15/2019, 5:26:31 PM : GET 200 /references text/html 2742 ::1
9/15/2019, 5:26:31 PM : GET 200 /js/jquery.min.js text/javascript 69969 ::1
9/15/2019, 5:26:31 PM : GET 200 /css/fonts/TisaSans.css text/css 59485 ::1
9/15/2019, 5:26:31 PM : GET 200 /css/fonts/SourceSans.css text/css 155 ::1
9/15/2019, 5:26:31 PM : GET 200 /css/fonts/Montserrat.css text/css 351109 ::1
9/15/2019, 5:26:31 PM : GET 200 /css/master.css text/css 2910 ::1
9/15/2019, 5:26:31 PM : GET 200 /css/article.css text/css 1531 ::1
9/15/2019, 5:26:31 PM : GET 200 /js/hoverpeek.js text/javascript 518 ::1
9/15/2019, 5:27:12 PM : GET 200 /references text/html 2742 ::1
9/15/2019, 5:27:12 PM : GET 200 /js/jquery.min.js text/javascript 69969 ::1
9/15/2019, 5:27:12 PM : GET 200 /css/fonts/TisaSans.css text/css 59485 ::1
9/15/2019, 5:27:12 PM : GET 200 /css/fonts/SourceSans.css text/css 155 ::1
9/15/2019, 5:27:12 PM : GET 200 /css/fonts/Montserrat.css text/css 351109 ::1
9/15/2019, 5:27:12 PM : GET 200 /css/master.css text/css 2910 ::1
9/15/2019, 5:27:12 PM : GET 200 /css/article.css text/css 1552 ::1
9/15/2019, 5:27:12 PM : GET 200 /js/hoverpeek.js text/javascript 518 ::1
9/15/2019, 5:27:49 PM : GET 200 /references text/html 2742 ::1
9/15/2019, 5:27:49 PM : GET 200 /js/jquery.min.js text/javascript 69969 ::1
9/15/2019, 5:27:49 PM : GET 200 /css/fonts/TisaSans.css text/css 59485 ::1
9/15/2019, 5:27:49 PM : GET 200 /js/hoverpeek.js text/javascript 518 ::1
9/15/2019, 5:27:49 PM : GET 200 /css/fonts/SourceSans.css text/css 155 ::1
9/15/2019, 5:27:49 PM : GET 200 /css/fonts/Montserrat.css text/css 351109 ::1
9/15/2019, 5:27:49 PM : GET 200 /css/master.css text/css 2910 ::1
9/15/2019, 5:27:49 PM : GET 200 /css/article.css text/css 1539 ::1
9/15/2019, 5:28:08 PM : GET 200 /references text/html 2742 ::1
9/15/2019, 5:28:08 PM : GET 200 /js/jquery.min.js text/javascript 69969 ::1
9/15/2019, 5:28:08 PM : GET 200 /css/fonts/TisaSans.css text/css 59485 ::1
9/15/2019, 5:28:08 PM : GET 200 /css/fonts/SourceSans.css text/css 155 ::1
9/15/2019, 5:28:08 PM : GET 200 /css/fonts/Montserrat.css text/css 351109 ::1
9/15/2019, 5:28:08 PM : GET 200 /css/master.css text/css 2910 ::1
9/15/2019, 5:28:08 PM : GET 200 /css/article.css text/css 1550 ::1
9/15/2019, 5:28:08 PM : GET 200 /js/hoverpeek.js text/javascript 518 ::1
9/15/2019, 5:28:09 PM : GET 404 /favicon.ico text/plain 47 ::1
9/15/2019, 5:28:25 PM : GET 200 /references text/html 2742 ::1
9/15/2019, 5:28:25 PM : GET 200 /js/jquery.min.js text/javascript 69969 ::1
9/15/2019, 5:28:25 PM : GET 200 /css/fonts/TisaSans.css text/css 59485 ::1
9/15/2019, 5:28:25 PM : GET 200 /css/fonts/SourceSans.css text/css 155 ::1
9/15/2019, 5:28:25 PM : GET 200 /js/hoverpeek.js text/javascript 518 ::1
9/15/2019, 5:28:25 PM : GET 200 /css/fonts/Montserrat.css text/css 351109 ::1
9/15/2019, 5:28:25 PM : GET 200 /css/master.css text/css 2910 ::1
9/15/2019, 5:28:25 PM : GET 200 /css/article.css text/css 1585 ::1
9/15/2019, 5:28:34 PM : GET 200 /references text/html 2742 ::1
9/15/2019, 5:28:34 PM : GET 200 /js/jquery.min.js text/javascript 69969 ::1
9/15/2019, 5:28:34 PM : GET 200 /css/fonts/TisaSans.css text/css 59485 ::1
9/15/2019, 5:28:34 PM : GET 200 /css/fonts/Montserrat.css text/css 351109 ::1
9/15/2019, 5:28:34 PM : GET 200 /css/fonts/SourceSans.css text/css 155 ::1
9/15/2019, 5:28:34 PM : GET 200 /js/hoverpeek.js text/javascript 518 ::1
9/15/2019, 5:28:34 PM : GET 200 /css/master.css text/css 2910 ::1
9/15/2019, 5:28:34 PM : GET 200 /css/article.css text/css 1516 ::1
9/15/2019, 5:28:44 PM : GET 200 /references text/html 2742 ::1
9/15/2019, 5:28:44 PM : GET 200 /js/jquery.min.js text/javascript 69969 ::1
9/15/2019, 5:28:44 PM : GET 200 /css/fonts/TisaSans.css text/css 59485 ::1
9/15/2019, 5:28:44 PM : GET 200 /css/fonts/SourceSans.css text/css 155 ::1
9/15/2019, 5:28:44 PM : GET 200 /css/fonts/Montserrat.css text/css 351109 ::1
9/15/2019, 5:28:44 PM : GET 200 /css/master.css text/css 2910 ::1
9/15/2019, 5:28:44 PM : GET 200 /css/article.css text/css 1534 ::1
9/15/2019, 5:28:44 PM : GET 200 /js/hoverpeek.js text/javascript 518 ::1
9/15/2019, 5:28:55 PM : GET 200 /references text/html 2742 ::1
9/15/2019, 5:28:55 PM : GET 200 /js/jquery.min.js text/javascript 69969 ::1
9/15/2019, 5:28:55 PM : GET 200 /css/fonts/TisaSans.css text/css 59485 ::1
9/15/2019, 5:28:55 PM : GET 200 /css/fonts/SourceSans.css text/css 155 ::1
9/15/2019, 5:28:55 PM : GET 200 /css/fonts/Montserrat.css text/css 351109 ::1
9/15/2019, 5:28:55 PM : GET 200 /css/master.css text/css 2910 ::1
9/15/2019, 5:28:55 PM : GET 200 /css/article.css text/css 1528 ::1
9/15/2019, 5:28:55 PM : GET 200 /js/hoverpeek.js text/javascript 518 ::1
9/15/2019, 5:29:03 PM : GET 200 /references text/html 2742 ::1
9/15/2019, 5:29:03 PM : GET 200 /js/jquery.min.js text/javascript 69969 ::1
9/15/2019, 5:29:03 PM : GET 200 /css/fonts/TisaSans.css text/css 59485 ::1
9/15/2019, 5:29:03 PM : GET 200 /css/fonts/SourceSans.css text/css 155 ::1
9/15/2019, 5:29:03 PM : GET 200 /css/fonts/Montserrat.css text/css 351109 ::1
9/15/2019, 5:29:03 PM : GET 200 /css/master.css text/css 2910 ::1
9/15/2019, 5:29:03 PM : GET 200 /css/article.css text/css 1527 ::1
9/15/2019, 5:29:03 PM : GET 200 /js/hoverpeek.js text/javascript 518 ::1
9/15/2019, 5:29:16 PM : GET 200 /references text/html 2742 ::1
9/15/2019, 5:29:16 PM : GET 200 /js/jquery.min.js text/javascript 69969 ::1
9/15/2019, 5:29:16 PM : GET 200 /css/fonts/TisaSans.css text/css 59485 ::1
9/15/2019, 5:29:16 PM : GET 200 /css/fonts/SourceSans.css text/css 155 ::1
9/15/2019, 5:29:16 PM : GET 200 /css/fonts/Montserrat.css text/css 351109 ::1
9/15/2019, 5:29:16 PM : GET 200 /css/master.css text/css 2910 ::1
9/15/2019, 5:29:17 PM : GET 200 /css/article.css text/css 1477 ::1
9/15/2019, 5:29:17 PM : GET 200 /js/hoverpeek.js text/javascript 518 ::1
9/15/2019, 5:29:22 PM : GET 200 /references text/html 2742 ::1
9/15/2019, 5:29:22 PM : GET 200 /js/jquery.min.js text/javascript 69969 ::1
9/15/2019, 5:29:22 PM : GET 200 /css/fonts/TisaSans.css text/css 59485 ::1
9/15/2019, 5:29:22 PM : GET 200 /css/fonts/SourceSans.css text/css 155 ::1
9/15/2019, 5:29:22 PM : GET 200 /css/fonts/Montserrat.css text/css 351109 ::1
9/15/2019, 5:29:22 PM : GET 200 /css/master.css text/css 2910 ::1
9/15/2019, 5:29:22 PM : GET 200 /css/article.css text/css 1483 ::1
9/15/2019, 5:29:22 PM : GET 200 /js/hoverpeek.js text/javascript 518 ::1
9/15/2019, 5:29:35 PM : GET 200 /references text/html 2742 ::1
9/15/2019, 5:29:35 PM : GET 200 /js/jquery.min.js text/javascript 69969 ::1
9/15/2019, 5:29:35 PM : GET 200 /css/fonts/TisaSans.css text/css 59485 ::1
9/15/2019, 5:29:35 PM : GET 200 /css/fonts/SourceSans.css text/css 155 ::1
9/15/2019, 5:29:35 PM : GET 200 /css/fonts/Montserrat.css text/css 351109 ::1
9/15/2019, 5:29:35 PM : GET 200 /css/master.css text/css 2910 ::1
9/15/2019, 5:29:35 PM : GET 200 /css/article.css text/css 1514 ::1
9/15/2019, 5:29:35 PM : GET 200 /js/hoverpeek.js text/javascript 518 ::1
9/15/2019, 5:30:13 PM : GET 200 /references text/html 2742 ::1
9/15/2019, 5:30:13 PM : GET 200 /js/jquery.min.js text/javascript 69969 ::1
9/15/2019, 5:30:13 PM : GET 200 /css/fonts/TisaSans.css text/css 59485 ::1
9/15/2019, 5:30:13 PM : GET 200 /css/fonts/SourceSans.css text/css 155 ::1
9/15/2019, 5:30:13 PM : GET 200 /js/hoverpeek.js text/javascript 518 ::1
9/15/2019, 5:30:13 PM : GET 200 /css/fonts/Montserrat.css text/css 351109 ::1
9/15/2019, 5:30:13 PM : GET 200 /css/master.css text/css 2910 ::1
9/15/2019, 5:30:13 PM : GET 200 /css/article.css text/css 1512 ::1
9/15/2019, 5:30:26 PM : GET 200 /references text/html 2742 ::1
9/15/2019, 5:30:26 PM : GET 200 /js/jquery.min.js text/javascript 69969 ::1
9/15/2019, 5:30:26 PM : GET 200 /css/fonts/TisaSans.css text/css 59485 ::1
9/15/2019, 5:30:26 PM : GET 200 /css/fonts/SourceSans.css text/css 155 ::1
9/15/2019, 5:30:26 PM : GET 200 /css/fonts/Montserrat.css text/css 351109 ::1
9/15/2019, 5:30:26 PM : GET 200 /css/master.css text/css 2910 ::1
9/15/2019, 5:30:26 PM : GET 200 /css/article.css text/css 1529 ::1
9/15/2019, 5:30:26 PM : GET 200 /js/hoverpeek.js text/javascript 518 ::1
9/15/2019, 5:30:36 PM : GET 200 /references text/html 2742 ::1
9/15/2019, 5:30:36 PM : GET 200 /js/jquery.min.js text/javascript 69969 ::1
9/15/2019, 5:30:36 PM : GET 200 /css/fonts/TisaSans.css text/css 59485 ::1
9/15/2019, 5:30:36 PM : GET 200 /css/fonts/SourceSans.css text/css 155 ::1
9/15/2019, 5:30:36 PM : GET 200 /css/fonts/Montserrat.css text/css 351109 ::1
9/15/2019, 5:30:36 PM : GET 200 /css/master.css text/css 2910 ::1
9/15/2019, 5:30:36 PM : GET 200 /css/article.css text/css 1531 ::1
9/15/2019, 5:30:36 PM : GET 200 /js/hoverpeek.js text/javascript 518 ::1
9/15/2019, 5:30:44 PM : GET 200 /references text/html 2742 ::1
9/15/2019, 5:30:44 PM : GET 200 /js/jquery.min.js text/javascript 69969 ::1
9/15/2019, 5:30:44 PM : GET 200 /css/fonts/TisaSans.css text/css 59485 ::1
9/15/2019, 5:30:44 PM : GET 200 /css/fonts/SourceSans.css text/css 155 ::1
9/15/2019, 5:30:44 PM : GET 200 /css/fonts/Montserrat.css text/css 351109 ::1
9/15/2019, 5:30:44 PM : GET 200 /css/master.css text/css 2910 ::1
9/15/2019, 5:30:44 PM : GET 200 /css/article.css text/css 1531 ::1
9/15/2019, 5:30:44 PM : GET 200 /js/hoverpeek.js text/javascript 518 ::1
9/15/2019, 5:30:57 PM : GET 200 /references text/html 2742 ::1
9/15/2019, 5:30:57 PM : GET 200 /js/jquery.min.js text/javascript 69969 ::1
9/15/2019, 5:30:57 PM : GET 200 /css/fonts/TisaSans.css text/css 59485 ::1
9/15/2019, 5:30:57 PM : GET 200 /js/hoverpeek.js text/javascript 518 ::1
9/15/2019, 5:30:57 PM : GET 200 /css/fonts/SourceSans.css text/css 155 ::1
9/15/2019, 5:30:57 PM : GET 200 /css/fonts/Montserrat.css text/css 351109 ::1
9/15/2019, 5:30:57 PM : GET 200 /css/master.css text/css 2910 ::1
9/15/2019, 5:30:57 PM : GET 200 /css/article.css text/css 1507 ::1
9/15/2019, 5:31:08 PM : GET 200 /references text/html 2742 ::1
9/15/2019, 5:31:08 PM : GET 200 /js/jquery.min.js text/javascript 69969 ::1
9/15/2019, 5:31:08 PM : GET 200 /css/fonts/TisaSans.css text/css 59485 ::1
9/15/2019, 5:31:08 PM : GET 200 /css/fonts/SourceSans.css text/css 155 ::1
9/15/2019, 5:31:08 PM : GET 200 /css/fonts/Montserrat.css text/css 351109 ::1
9/15/2019, 5:31:08 PM : GET 200 /css/master.css text/css 2910 ::1
9/15/2019, 5:31:08 PM : GET 200 /css/article.css text/css 1530 ::1
9/15/2019, 5:31:08 PM : GET 200 /js/hoverpeek.js text/javascript 518 ::1
9/15/2019, 5:31:26 PM : GET 200 /references text/html 2742 ::1
9/15/2019, 5:31:26 PM : GET 200 /js/jquery.min.js text/javascript 69969 ::1
9/15/2019, 5:31:26 PM : GET 200 /css/fonts/TisaSans.css text/css 59485 ::1
9/15/2019, 5:31:26 PM : GET 200 /css/fonts/SourceSans.css text/css 155 ::1
9/15/2019, 5:31:26 PM : GET 200 /css/fonts/Montserrat.css text/css 351109 ::1
9/15/2019, 5:31:26 PM : GET 200 /css/master.css text/css 2910 ::1
9/15/2019, 5:31:26 PM : GET 200 /css/article.css text/css 1506 ::1
9/15/2019, 5:31:26 PM : GET 200 /js/hoverpeek.js text/javascript 518 ::1
9/15/2019, 5:31:40 PM : GET 200 /references text/html 2742 ::1
9/15/2019, 5:31:40 PM : GET 200 /js/jquery.min.js text/javascript 69969 ::1
9/15/2019, 5:31:40 PM : GET 200 /css/fonts/TisaSans.css text/css 59485 ::1
9/15/2019, 5:31:40 PM : GET 200 /css/fonts/SourceSans.css text/css 155 ::1
9/15/2019, 5:31:40 PM : GET 200 /css/fonts/Montserrat.css text/css 351109 ::1
9/15/2019, 5:31:40 PM : GET 200 /css/master.css text/css 2918 ::1
9/15/2019, 5:31:40 PM : GET 200 /css/article.css text/css 1506 ::1
9/15/2019, 5:31:40 PM : GET 200 /js/hoverpeek.js text/javascript 518 ::1
9/15/2019, 5:31:54 PM : GET 200 /references text/html 2742 ::1
9/15/2019, 5:31:54 PM : GET 200 /js/jquery.min.js text/javascript 69969 ::1
9/15/2019, 5:31:54 PM : GET 200 /css/fonts/TisaSans.css text/css 59485 ::1
9/15/2019, 5:31:54 PM : GET 200 /css/fonts/SourceSans.css text/css 155 ::1
9/15/2019, 5:31:54 PM : GET 200 /css/fonts/Montserrat.css text/css 351109 ::1
9/15/2019, 5:31:54 PM : GET 200 /css/master.css text/css 2926 ::1
9/15/2019, 5:31:54 PM : GET 200 /css/article.css text/css 1506 ::1
9/15/2019, 5:31:54 PM : GET 200 /js/hoverpeek.js text/javascript 518 ::1
9/15/2019, 5:32:19 PM : GET 200 /references text/html 2742 ::1
9/15/2019, 5:32:19 PM : GET 200 /js/jquery.min.js text/javascript 69969 ::1
9/15/2019, 5:32:19 PM : GET 200 /css/fonts/TisaSans.css text/css 59485 ::1
9/15/2019, 5:32:19 PM : GET 200 /css/fonts/SourceSans.css text/css 155 ::1
9/15/2019, 5:32:19 PM : GET 200 /css/fonts/Montserrat.css text/css 351109 ::1
9/15/2019, 5:32:19 PM : GET 200 /css/master.css text/css 2926 ::1
9/15/2019, 5:32:19 PM : GET 200 /css/article.css text/css 1542 ::1
9/15/2019, 5:32:19 PM : GET 200 /js/hoverpeek.js text/javascript 518 ::1
9/15/2019, 5:32:41 PM : GET 200 /references text/html 2742 ::1
9/15/2019, 5:32:41 PM : GET 200 /js/jquery.min.js text/javascript 69969 ::1
9/15/2019, 5:32:41 PM : GET 200 /css/fonts/TisaSans.css text/css 59485 ::1
9/15/2019, 5:32:41 PM : GET 200 /css/fonts/SourceSans.css text/css 155 ::1
9/15/2019, 5:32:41 PM : GET 200 /css/fonts/Montserrat.css text/css 351109 ::1
9/15/2019, 5:32:41 PM : GET 200 /css/master.css text/css 2926 ::1
9/15/2019, 5:32:41 PM : GET 200 /css/article.css text/css 1588 ::1
9/15/2019, 5:32:41 PM : GET 200 /js/hoverpeek.js text/javascript 518 ::1
9/15/2019, 5:32:58 PM : GET 200 /references text/html 2742 ::1
9/15/2019, 5:32:58 PM : GET 200 /js/jquery.min.js text/javascript 69969 ::1
9/15/2019, 5:32:58 PM : GET 200 /css/fonts/TisaSans.css text/css 59485 ::1
9/15/2019, 5:32:58 PM : GET 200 /js/hoverpeek.js text/javascript 518 ::1
9/15/2019, 5:32:58 PM : GET 200 /css/fonts/SourceSans.css text/css 155 ::1
9/15/2019, 5:32:58 PM : GET 200 /css/fonts/Montserrat.css text/css 351109 ::1
9/15/2019, 5:32:58 PM : GET 200 /css/master.css text/css 2926 ::1
9/15/2019, 5:32:58 PM : GET 200 /css/article.css text/css 1612 ::1
9/15/2019, 5:33:14 PM : GET 200 /references text/html 2742 ::1
9/15/2019, 5:33:14 PM : GET 200 /js/jquery.min.js text/javascript 69969 ::1
9/15/2019, 5:33:14 PM : GET 200 /css/fonts/TisaSans.css text/css 59485 ::1
9/15/2019, 5:33:14 PM : GET 200 /css/fonts/SourceSans.css text/css 155 ::1
9/15/2019, 5:33:14 PM : GET 200 /css/fonts/Montserrat.css text/css 351109 ::1
9/15/2019, 5:33:14 PM : GET 200 /css/master.css text/css 2926 ::1
9/15/2019, 5:33:14 PM : GET 200 /css/article.css text/css 1637 ::1
9/15/2019, 5:33:14 PM : GET 200 /js/hoverpeek.js text/javascript 518 ::1
9/15/2019, 5:33:38 PM : GET 200 /references text/html 2742 ::1
9/15/2019, 5:33:38 PM : GET 200 /js/jquery.min.js text/javascript 69969 ::1
9/15/2019, 5:33:38 PM : GET 200 /css/fonts/TisaSans.css text/css 59485 ::1
9/15/2019, 5:33:38 PM : GET 200 /css/fonts/SourceSans.css text/css 155 ::1
9/15/2019, 5:33:38 PM : GET 200 /css/fonts/Montserrat.css text/css 351109 ::1
9/15/2019, 5:33:38 PM : GET 200 /css/master.css text/css 2962 ::1
9/15/2019, 5:33:38 PM : GET 200 /css/article.css text/css 1637 ::1
9/15/2019, 5:33:38 PM : GET 200 /js/hoverpeek.js text/javascript 518 ::1
9/15/2019, 5:34:25 PM : GET 200 /references text/html 2742 ::1
9/15/2019, 5:34:25 PM : GET 200 /js/jquery.min.js text/javascript 69969 ::1
9/15/2019, 5:34:25 PM : GET 200 /css/fonts/TisaSans.css text/css 59485 ::1
9/15/2019, 5:34:25 PM : GET 200 /css/fonts/SourceSans.css text/css 155 ::1
9/15/2019, 5:34:25 PM : GET 200 /css/fonts/Montserrat.css text/css 351109 ::1
9/15/2019, 5:34:25 PM : GET 200 /css/master.css text/css 2962 ::1
9/15/2019, 5:34:25 PM : GET 200 /css/article.css text/css 1648 ::1
9/15/2019, 5:34:25 PM : GET 200 /js/hoverpeek.js text/javascript 518 ::1
9/15/2019, 5:34:34 PM : GET 200 /how text/html 5286 ::1
9/15/2019, 5:34:34 PM : GET 200 /js/jquery.min.js text/javascript 69969 ::1
9/15/2019, 5:34:34 PM : GET 200 /css/fonts/TisaSans.css text/css 59485 ::1
9/15/2019, 5:34:34 PM : GET 200 /css/fonts/SourceSans.css text/css 155 ::1
9/15/2019, 5:34:34 PM : GET 200 /css/fonts/Montserrat.css text/css 351109 ::1
9/15/2019, 5:34:34 PM : GET 200 /css/master.css text/css 2962 ::1
9/15/2019, 5:34:34 PM : GET 200 /css/article.css text/css 1648 ::1
9/15/2019, 5:34:34 PM : GET 200 /res/privacy.jpg image/jpeg 56168 ::1
9/15/2019, 5:35:06 PM : GET 200 /how text/html 5286 ::1
9/15/2019, 5:35:06 PM : GET 200 /js/jquery.min.js text/javascript 69969 ::1
9/15/2019, 5:35:06 PM : GET 200 /css/fonts/TisaSans.css text/css 59485 ::1
9/15/2019, 5:35:06 PM : GET 200 /css/fonts/SourceSans.css text/css 155 ::1
9/15/2019, 5:35:06 PM : GET 200 /css/fonts/Montserrat.css text/css 351109 ::1
9/15/2019, 5:35:06 PM : GET 200 /css/master.css text/css 2968 ::1
9/15/2019, 5:35:06 PM : GET 200 /css/article.css text/css 1648 ::1
9/15/2019, 5:35:06 PM : GET 200 /res/privacy.jpg image/jpeg 56168 ::1
9/15/2019, 5:35:23 PM : GET 200 /how text/html 5286 ::1
9/15/2019, 5:35:23 PM : GET 200 /js/jquery.min.js text/javascript 69969 ::1
9/15/2019, 5:35:23 PM : GET 200 /css/fonts/TisaSans.css text/css 59485 ::1
9/15/2019, 5:35:23 PM : GET 200 /css/fonts/SourceSans.css text/css 155 ::1
9/15/2019, 5:35:23 PM : GET 200 /css/fonts/Montserrat.css text/css 351109 ::1
9/15/2019, 5:35:23 PM : GET 200 /css/master.css text/css 2975 ::1
9/15/2019, 5:35:23 PM : GET 200 /css/article.css text/css 1648 ::1
9/15/2019, 5:35:23 PM : GET 200 /res/privacy.jpg image/jpeg 56168 ::1
9/15/2019, 5:35:30 PM : GET 200 /references text/html 2742 ::1
9/15/2019, 5:35:30 PM : GET 200 /js/jquery.min.js text/javascript 69969 ::1
9/15/2019, 5:35:30 PM : GET 200 /css/fonts/TisaSans.css text/css 59485 ::1
9/15/2019, 5:35:30 PM : GET 200 /css/fonts/SourceSans.css text/css 155 ::1
9/15/2019, 5:35:30 PM : GET 200 /css/fonts/Montserrat.css text/css 351109 ::1
9/15/2019, 5:35:30 PM : GET 200 /css/master.css text/css 2975 ::1
9/15/2019, 5:35:30 PM : GET 200 /css/article.css text/css 1648 ::1
9/15/2019, 5:35:30 PM : GET 200 /js/hoverpeek.js text/javascript 518 ::1
9/15/2019, 5:35:59 PM : GET 200 /references text/html 2742 ::1
9/15/2019, 5:35:59 PM : GET 200 /js/jquery.min.js text/javascript 69969 ::1
9/15/2019, 5:35:59 PM : GET 200 /css/fonts/TisaSans.css text/css 59485 ::1
9/15/2019, 5:35:59 PM : GET 200 /css/fonts/SourceSans.css text/css 155 ::1
9/15/2019, 5:35:59 PM : GET 200 /css/fonts/Montserrat.css text/css 351109 ::1
9/15/2019, 5:35:59 PM : GET 200 /css/master.css text/css 2975 ::1
9/15/2019, 5:35:59 PM : GET 200 /css/article.css text/css 1648 ::1
9/15/2019, 5:35:59 PM : GET 200 /js/hoverpeek.js text/javascript 529 ::1
9/15/2019, 5:36:22 PM : GET 200 /references text/html 2742 ::1
9/15/2019, 5:36:22 PM : GET 200 /js/jquery.min.js text/javascript 69969 ::1
9/15/2019, 5:36:22 PM : GET 200 /css/fonts/TisaSans.css text/css 59485 ::1
9/15/2019, 5:36:22 PM : GET 200 /css/fonts/SourceSans.css text/css 155 ::1
9/15/2019, 5:36:22 PM : GET 200 /js/hoverpeek.js text/javascript 529 ::1
9/15/2019, 5:36:22 PM : GET 200 /css/fonts/Montserrat.css text/css 351109 ::1
9/15/2019, 5:36:22 PM : GET 200 /css/master.css text/css 2975 ::1
9/15/2019, 5:36:22 PM : GET 200 /css/article.css text/css 1654 ::1
9/15/2019, 5:36:33 PM : GET 200 /references text/html 2742 ::1
9/15/2019, 5:36:33 PM : GET 200 /js/jquery.min.js text/javascript 69969 ::1
9/15/2019, 5:36:33 PM : GET 200 /css/fonts/TisaSans.css text/css 59485 ::1
9/15/2019, 5:36:33 PM : GET 200 /css/fonts/SourceSans.css text/css 155 ::1
9/15/2019, 5:36:33 PM : GET 200 /css/fonts/Montserrat.css text/css 351109 ::1
9/15/2019, 5:36:33 PM : GET 200 /css/master.css text/css 2975 ::1
9/15/2019, 5:36:33 PM : GET 200 /css/article.css text/css 1675 ::1
9/15/2019, 5:36:33 PM : GET 200 /js/hoverpeek.js text/javascript 529 ::1
9/15/2019, 5:36:40 PM : GET 200 /references text/html 2742 ::1
9/15/2019, 5:36:40 PM : GET 200 /js/jquery.min.js text/javascript 69969 ::1
9/15/2019, 5:36:40 PM : GET 200 /css/fonts/TisaSans.css text/css 59485 ::1
9/15/2019, 5:36:40 PM : GET 200 /css/fonts/SourceSans.css text/css 155 ::1
9/15/2019, 5:36:40 PM : GET 200 /css/fonts/Montserrat.css text/css 351109 ::1
9/15/2019, 5:36:40 PM : GET 200 /css/master.css text/css 2975 ::1
9/15/2019, 5:36:40 PM : GET 200 /css/article.css text/css 1669 ::1
9/15/2019, 5:36:40 PM : GET 200 /js/hoverpeek.js text/javascript 529 ::1
9/15/2019, 5:37:00 PM : GET 200 /references text/html 2742 ::1
9/15/2019, 5:37:00 PM : GET 200 /js/jquery.min.js text/javascript 69969 ::1
9/15/2019, 5:37:00 PM : GET 200 /css/fonts/TisaSans.css text/css 59485 ::1
9/15/2019, 5:37:00 PM : GET 200 /css/fonts/SourceSans.css text/css 155 ::1
9/15/2019, 5:37:00 PM : GET 200 /css/fonts/Montserrat.css text/css 351109 ::1
9/15/2019, 5:37:00 PM : GET 200 /css/master.css text/css 2975 ::1
9/15/2019, 5:37:00 PM : GET 200 /css/article.css text/css 1705 ::1
9/15/2019, 5:37:00 PM : GET 200 /js/hoverpeek.js text/javascript 529 ::1
9/15/2019, 5:37:20 PM : GET 200 /references text/html 2742 ::1
9/15/2019, 5:37:20 PM : GET 200 /js/jquery.min.js text/javascript 69969 ::1
9/15/2019, 5:37:20 PM : GET 200 /css/fonts/TisaSans.css text/css 59485 ::1
9/15/2019, 5:37:20 PM : GET 200 /css/fonts/SourceSans.css text/css 155 ::1
9/15/2019, 5:37:20 PM : GET 200 /css/fonts/Montserrat.css text/css 351109 ::1
9/15/2019, 5:37:20 PM : GET 200 /css/master.css text/css 2975 ::1
9/15/2019, 5:37:20 PM : GET 200 /css/article.css text/css 1704 ::1
9/15/2019, 5:37:20 PM : GET 200 /js/hoverpeek.js text/javascript 529 ::1
9/15/2019, 5:37:35 PM : GET 200 /references text/html 2742 ::1
9/15/2019, 5:37:35 PM : GET 200 /js/jquery.min.js text/javascript 69969 ::1
9/15/2019, 5:37:35 PM : GET 200 /css/fonts/TisaSans.css text/css 59485 ::1
9/15/2019, 5:37:35 PM : GET 200 /css/fonts/SourceSans.css text/css 155 ::1
9/15/2019, 5:37:35 PM : GET 200 /css/fonts/Montserrat.css text/css 351109 ::1
9/15/2019, 5:37:35 PM : GET 200 /css/master.css text/css 2975 ::1
9/15/2019, 5:37:35 PM : GET 200 /css/article.css text/css 1680 ::1
9/15/2019, 5:37:35 PM : GET 200 /js/hoverpeek.js text/javascript 529 ::1
9/15/2019, 5:37:42 PM : GET 200 /references text/html 2742 ::1
9/15/2019, 5:37:42 PM : GET 200 /js/jquery.min.js text/javascript 69969 ::1
9/15/2019, 5:37:42 PM : GET 200 /css/fonts/TisaSans.css text/css 59485 ::1
9/15/2019, 5:37:42 PM : GET 200 /js/hoverpeek.js text/javascript 529 ::1
9/15/2019, 5:37:42 PM : GET 200 /css/fonts/SourceSans.css text/css 155 ::1
9/15/2019, 5:37:42 PM : GET 200 /css/fonts/Montserrat.css text/css 351109 ::1
9/15/2019, 5:37:42 PM : GET 200 /css/master.css text/css 2975 ::1
9/15/2019, 5:37:42 PM : GET 200 /css/article.css text/css 1680 ::1
9/15/2019, 5:38:00 PM : GET 200 /references text/html 2742 ::1
9/15/2019, 5:38:00 PM : GET 200 /js/jquery.min.js text/javascript 69969 ::1
9/15/2019, 5:38:00 PM : GET 200 /css/fonts/TisaSans.css text/css 59485 ::1
9/15/2019, 5:38:00 PM : GET 200 /css/fonts/SourceSans.css text/css 155 ::1
9/15/2019, 5:38:00 PM : GET 200 /css/fonts/Montserrat.css text/css 351109 ::1
9/15/2019, 5:38:00 PM : GET 200 /css/master.css text/css 2975 ::1
9/15/2019, 5:38:00 PM : GET 200 /css/article.css text/css 1680 ::1
9/15/2019, 5:38:00 PM : GET 200 /js/hoverpeek.js text/javascript 529 ::1
9/15/2019, 5:38:33 PM : GET 200 /what text/html 2846 ::1
9/15/2019, 5:38:33 PM : GET 200 /js/jquery.min.js text/javascript 69969 ::1
9/15/2019, 5:38:33 PM : GET 200 /css/fonts/TisaSans.css text/css 59485 ::1
9/15/2019, 5:38:33 PM : GET 200 /css/fonts/SourceSans.css text/css 155 ::1
9/15/2019, 5:38:33 PM : GET 200 /css/fonts/Montserrat.css text/css 351109 ::1
9/15/2019, 5:38:33 PM : GET 200 /css/master.css text/css 2975 ::1
9/15/2019, 5:38:33 PM : GET 200 /css/article.css text/css 1680 ::1
9/15/2019, 5:38:33 PM : GET 200 /res/privacy.jpg image/jpeg 56168 ::1
9/15/2019, 5:38:36 PM : GET 200 /references text/html 2742 ::1
9/15/2019, 5:38:36 PM : GET 200 /js/jquery.min.js text/javascript 69969 ::1
9/15/2019, 5:38:36 PM : GET 200 /css/fonts/TisaSans.css text/css 59485 ::1
9/15/2019, 5:38:36 PM : GET 200 /css/fonts/SourceSans.css text/css 155 ::1
9/15/2019, 5:38:36 PM : GET 200 /css/fonts/Montserrat.css text/css 351109 ::1
9/15/2019, 5:38:36 PM : GET 200 /css/master.css text/css 2975 ::1
9/15/2019, 5:38:36 PM : GET 200 /css/article.css text/css 1680 ::1
9/15/2019, 5:38:36 PM : GET 200 /js/hoverpeek.js text/javascript 529 ::1
9/15/2019, 5:38:38 PM : GET 200 /how text/html 5286 ::1
9/15/2019, 5:38:38 PM : GET 200 /js/jquery.min.js text/javascript 69969 ::1
9/15/2019, 5:38:38 PM : GET 200 /css/fonts/TisaSans.css text/css 59485 ::1
9/15/2019, 5:38:38 PM : GET 200 /css/fonts/SourceSans.css text/css 155 ::1
9/15/2019, 5:38:38 PM : GET 200 /css/fonts/Montserrat.css text/css 351109 ::1
9/15/2019, 5:38:38 PM : GET 200 /css/master.css text/css 2975 ::1
9/15/2019, 5:38:38 PM : GET 200 /css/article.css text/css 1680 ::1
9/15/2019, 5:38:38 PM : GET 200 /res/privacy.jpg image/jpeg 56168 ::1
9/15/2019, 5:38:50 PM : GET 200 /how text/html 5286 ::1
9/15/2019, 5:38:50 PM : GET 200 /js/jquery.min.js text/javascript 69969 ::1
9/15/2019, 5:38:50 PM : GET 200 /css/fonts/TisaSans.css text/css 59485 ::1
9/15/2019, 5:38:50 PM : GET 200 /css/fonts/SourceSans.css text/css 155 ::1
9/15/2019, 5:38:50 PM : GET 200 /css/fonts/Montserrat.css text/css 351109 ::1
9/15/2019, 5:38:50 PM : GET 200 /css/master.css text/css 2981 ::1
9/15/2019, 5:38:50 PM : GET 200 /css/article.css text/css 1680 ::1
9/15/2019, 5:38:50 PM : GET 200 /res/privacy.jpg image/jpeg 56168 ::1
9/15/2019, 5:38:57 PM : GET 200 /references text/html 2742 ::1
9/15/2019, 5:38:57 PM : GET 200 /js/jquery.min.js text/javascript 69969 ::1
9/15/2019, 5:38:57 PM : GET 200 /css/fonts/TisaSans.css text/css 59485 ::1
9/15/2019, 5:38:57 PM : GET 200 /css/fonts/SourceSans.css text/css 155 ::1
9/15/2019, 5:38:57 PM : GET 200 /css/fonts/Montserrat.css text/css 351109 ::1
9/15/2019, 5:38:57 PM : GET 200 /css/master.css text/css 2981 ::1
9/15/2019, 5:38:57 PM : GET 200 /css/article.css text/css 1680 ::1
9/15/2019, 5:38:57 PM : GET 200 /js/hoverpeek.js text/javascript 529 ::1
9/15/2019, 5:38:59 PM : GET 200 /rationale text/html 4537 ::1
9/15/2019, 5:38:59 PM : GET 200 /js/jquery.min.js text/javascript 69969 ::1
9/15/2019, 5:38:59 PM : GET 200 /css/fonts/TisaSans.css text/css 59485 ::1
9/15/2019, 5:38:59 PM : GET 200 /css/fonts/SourceSans.css text/css 155 ::1
9/15/2019, 5:38:59 PM : GET 200 /css/fonts/Montserrat.css text/css 351109 ::1
9/15/2019, 5:38:59 PM : GET 200 /css/master.css text/css 2981 ::1
9/15/2019, 5:38:59 PM : GET 200 /css/article.css text/css 1680 ::1
9/15/2019, 5:39:00 PM : GET 200 /references text/html 2742 ::1
9/15/2019, 5:39:00 PM : GET 200 /js/jquery.min.js text/javascript 69969 ::1
9/15/2019, 5:39:00 PM : GET 200 /css/fonts/TisaSans.css text/css 59485 ::1
9/15/2019, 5:39:00 PM : GET 200 /css/fonts/SourceSans.css text/css 155 ::1
9/15/2019, 5:39:00 PM : GET 200 /css/fonts/Montserrat.css text/css 351109 ::1
9/15/2019, 5:39:00 PM : GET 200 /css/master.css text/css 2981 ::1
9/15/2019, 5:39:00 PM : GET 200 /css/article.css text/css 1680 ::1
9/15/2019, 5:39:00 PM : GET 200 /js/hoverpeek.js text/javascript 529 ::1
9/15/2019, 5:39:01 PM : GET 200 /references text/html 2742 ::1
9/15/2019, 5:39:01 PM : GET 200 /js/jquery.min.js text/javascript 69969 ::1
9/15/2019, 5:39:01 PM : GET 200 /css/fonts/TisaSans.css text/css 59485 ::1
9/15/2019, 5:39:01 PM : GET 200 /css/fonts/SourceSans.css text/css 155 ::1
9/15/2019, 5:39:01 PM : GET 200 /css/fonts/Montserrat.css text/css 351109 ::1
9/15/2019, 5:39:01 PM : GET 200 /css/master.css text/css 2981 ::1
9/15/2019, 5:39:01 PM : GET 200 /css/article.css text/css 1680 ::1
9/15/2019, 5:39:01 PM : GET 200 /js/hoverpeek.js text/javascript 529 ::1
9/15/2019, 5:39:48 PM : GET 200 /references text/html 2742 ::1
9/15/2019, 5:39:48 PM : GET 200 /js/jquery.min.js text/javascript 69969 ::1
9/15/2019, 5:39:48 PM : GET 200 /css/fonts/TisaSans.css text/css 59485 ::1
9/15/2019, 5:39:48 PM : GET 200 /css/fonts/SourceSans.css text/css 155 ::1
9/15/2019, 5:39:48 PM : GET 200 /css/fonts/Montserrat.css text/css 351109 ::1
9/15/2019, 5:39:48 PM : GET 200 /css/master.css text/css 3025 ::1
9/15/2019, 5:39:48 PM : GET 200 /css/article.css text/css 1680 ::1
9/15/2019, 5:39:48 PM : GET 200 /js/hoverpeek.js text/javascript 529 ::1
9/15/2019, 5:39:54 PM : GET 200 /references text/html 2742 ::1
9/15/2019, 5:39:54 PM : GET 200 /js/jquery.min.js text/javascript 69969 ::1
9/15/2019, 5:39:54 PM : GET 200 /css/fonts/TisaSans.css text/css 59485 ::1
9/15/2019, 5:39:54 PM : GET 200 /css/fonts/SourceSans.css text/css 155 ::1
9/15/2019, 5:39:54 PM : GET 200 /css/fonts/Montserrat.css text/css 351109 ::1
9/15/2019, 5:39:54 PM : GET 200 /css/master.css text/css 3025 ::1
9/15/2019, 5:39:54 PM : GET 200 /css/article.css text/css 1680 ::1
9/15/2019, 5:39:54 PM : GET 200 /js/hoverpeek.js text/javascript 529 ::1
9/15/2019, 5:40:04 PM : GET 200 /references text/html 2742 ::1
9/15/2019, 5:40:04 PM : GET 200 /js/jquery.min.js text/javascript 69969 ::1
9/15/2019, 5:40:04 PM : GET 200 /css/fonts/TisaSans.css text/css 59485 ::1
9/15/2019, 5:40:04 PM : GET 200 /css/fonts/SourceSans.css text/css 155 ::1
9/15/2019, 5:40:04 PM : GET 200 /css/fonts/Montserrat.css text/css 351109 ::1
9/15/2019, 5:40:04 PM : GET 200 /css/master.css text/css 3025 ::1
9/15/2019, 5:40:04 PM : GET 200 /css/article.css text/css 1684 ::1
9/15/2019, 5:40:04 PM : GET 200 /js/hoverpeek.js text/javascript 529 ::1
9/15/2019, 5:40:28 PM : GET 200 /references text/html 2742 ::1
9/15/2019, 5:40:28 PM : GET 200 /js/jquery.min.js text/javascript 69969 ::1
9/15/2019, 5:40:28 PM : GET 200 /css/fonts/TisaSans.css text/css 59485 ::1
9/15/2019, 5:40:28 PM : GET 200 /css/fonts/SourceSans.css text/css 155 ::1
9/15/2019, 5:40:28 PM : GET 200 /css/fonts/Montserrat.css text/css 351109 ::1
9/15/2019, 5:40:28 PM : GET 200 /css/master.css text/css 3025 ::1
9/15/2019, 5:40:28 PM : GET 200 /css/article.css text/css 1711 ::1
9/15/2019, 5:40:28 PM : GET 200 /js/hoverpeek.js text/javascript 529 ::1
9/15/2019, 5:40:35 PM : GET 200 /references text/html 2742 ::1
9/15/2019, 5:40:35 PM : GET 200 /js/jquery.min.js text/javascript 69969 ::1
9/15/2019, 5:40:35 PM : GET 200 /css/fonts/TisaSans.css text/css 59485 ::1
9/15/2019, 5:40:35 PM : GET 200 /css/fonts/SourceSans.css text/css 155 ::1
9/15/2019, 5:40:35 PM : GET 200 /css/fonts/Montserrat.css text/css 351109 ::1
9/15/2019, 5:40:35 PM : GET 200 /css/master.css text/css 3025 ::1
9/15/2019, 5:40:35 PM : GET 200 /css/article.css text/css 1711 ::1
9/15/2019, 5:40:35 PM : GET 200 /js/hoverpeek.js text/javascript 529 ::1
9/15/2019, 5:40:37 PM : GET 200 /references text/html 2742 ::1
9/15/2019, 5:40:37 PM : GET 200 /js/jquery.min.js text/javascript 69969 ::1
9/15/2019, 5:40:37 PM : GET 200 /css/fonts/TisaSans.css text/css 59485 ::1
9/15/2019, 5:40:37 PM : GET 200 /css/fonts/SourceSans.css text/css 155 ::1
9/15/2019, 5:40:37 PM : GET 200 /css/fonts/Montserrat.css text/css 351109 ::1
9/15/2019, 5:40:37 PM : GET 200 /css/master.css text/css 3025 ::1
9/15/2019, 5:40:37 PM : GET 200 /css/article.css text/css 1711 ::1
9/15/2019, 5:40:37 PM : GET 200 /js/hoverpeek.js text/javascript 529 ::1
9/15/2019, 5:40:59 PM : GET 200 /references text/html 2742 ::1
9/15/2019, 5:40:59 PM : GET 200 /js/jquery.min.js text/javascript 69969 ::1
9/15/2019, 5:40:59 PM : GET 200 /css/fonts/TisaSans.css text/css 59485 ::1
9/15/2019, 5:40:59 PM : GET 200 /css/fonts/SourceSans.css text/css 155 ::1
9/15/2019, 5:40:59 PM : GET 200 /css/fonts/Montserrat.css text/css 351109 ::1
9/15/2019, 5:40:59 PM : GET 200 /css/master.css text/css 3025 ::1
9/15/2019, 5:40:59 PM : GET 200 /css/article.css text/css 1711 ::1
9/15/2019, 5:40:59 PM : GET 200 /js/hoverpeek.js text/javascript 529 ::1
9/15/2019, 5:41:08 PM : GET 200 /references text/html 2742 ::1
9/15/2019, 5:41:08 PM : GET 200 /js/jquery.min.js text/javascript 69969 ::1
9/15/2019, 5:41:08 PM : GET 200 /css/fonts/TisaSans.css text/css 59485 ::1
9/15/2019, 5:41:08 PM : GET 200 /css/fonts/SourceSans.css text/css 155 ::1
9/15/2019, 5:41:08 PM : GET 200 /css/fonts/Montserrat.css text/css 351109 ::1
9/15/2019, 5:41:08 PM : GET 200 /css/master.css text/css 3025 ::1
9/15/2019, 5:41:08 PM : GET 200 /css/article.css text/css 1684 ::1
9/15/2019, 5:41:08 PM : GET 200 /js/hoverpeek.js text/javascript 529 ::1
9/15/2019, 5:41:38 PM : GET 200 /references text/html 2742 ::1
9/15/2019, 5:41:38 PM : GET 200 /js/jquery.min.js text/javascript 69969 ::1
9/15/2019, 5:41:38 PM : GET 200 /css/fonts/TisaSans.css text/css 59485 ::1
9/15/2019, 5:41:38 PM : GET 200 /css/fonts/SourceSans.css text/css 155 ::1
9/15/2019, 5:41:38 PM : GET 200 /css/fonts/Montserrat.css text/css 351109 ::1
9/15/2019, 5:41:38 PM : GET 200 /css/master.css text/css 3025 ::1
9/15/2019, 5:41:38 PM : GET 200 /css/article.css text/css 1708 ::1
9/15/2019, 5:41:38 PM : GET 200 /js/hoverpeek.js text/javascript 529 ::1
9/15/2019, 5:41:48 PM : GET 200 /references text/html 2742 ::1
9/15/2019, 5:41:48 PM : GET 200 /js/jquery.min.js text/javascript 69969 ::1
9/15/2019, 5:41:48 PM : GET 200 /css/fonts/TisaSans.css text/css 59485 ::1
9/15/2019, 5:41:48 PM : GET 200 /css/fonts/SourceSans.css text/css 155 ::1
9/15/2019, 5:41:48 PM : GET 200 /css/fonts/Montserrat.css text/css 351109 ::1
9/15/2019, 5:41:48 PM : GET 200 /css/master.css text/css 3025 ::1
9/15/2019, 5:41:48 PM : GET 200 /css/article.css text/css 1708 ::1
9/15/2019, 5:41:48 PM : GET 200 /js/hoverpeek.js text/javascript 529 ::1
9/15/2019, 5:41:48 PM : GET 404 /favicon.ico text/plain 47 ::1
9/15/2019, 5:41:56 PM : GET 200 /references text/html 2742 ::1
9/15/2019, 5:41:56 PM : GET 200 /js/jquery.min.js text/javascript 69969 ::1
9/15/2019, 5:41:56 PM : GET 200 /css/fonts/TisaSans.css text/css 59485 ::1
9/15/2019, 5:41:56 PM : GET 200 /css/fonts/SourceSans.css text/css 155 ::1
9/15/2019, 5:41:56 PM : GET 200 /css/fonts/Montserrat.css text/css 351109 ::1
9/15/2019, 5:41:56 PM : GET 200 /css/master.css text/css 3025 ::1
9/15/2019, 5:41:56 PM : GET 200 /css/article.css text/css 1708 ::1
9/15/2019, 5:41:56 PM : GET 200 /js/hoverpeek.js text/javascript 529 ::1
9/15/2019, 5:42:11 PM : GET 200 /references text/html 2742 ::1
9/15/2019, 5:42:11 PM : GET 200 /js/jquery.min.js text/javascript 69969 ::1
9/15/2019, 5:42:11 PM : GET 200 /css/fonts/TisaSans.css text/css 59485 ::1
9/15/2019, 5:42:11 PM : GET 200 /css/fonts/SourceSans.css text/css 155 ::1
9/15/2019, 5:42:11 PM : GET 200 /css/fonts/Montserrat.css text/css 351109 ::1
9/15/2019, 5:42:11 PM : GET 200 /css/master.css text/css 3025 ::1
9/15/2019, 5:42:11 PM : GET 200 /css/article.css text/css 1713 ::1
9/15/2019, 5:42:11 PM : GET 200 /js/hoverpeek.js text/javascript 529 ::1
9/15/2019, 5:42:21 PM : GET 200 /references text/html 2742 ::1
9/15/2019, 5:42:21 PM : GET 200 /js/jquery.min.js text/javascript 69969 ::1
9/15/2019, 5:42:21 PM : GET 200 /css/fonts/TisaSans.css text/css 59485 ::1
9/15/2019, 5:42:21 PM : GET 200 /css/fonts/SourceSans.css text/css 155 ::1
9/15/2019, 5:42:21 PM : GET 200 /css/fonts/Montserrat.css text/css 351109 ::1
9/15/2019, 5:42:21 PM : GET 200 /css/master.css text/css 3025 ::1
9/15/2019, 5:42:21 PM : GET 200 /css/article.css text/css 1714 ::1
9/15/2019, 5:42:21 PM : GET 200 /js/hoverpeek.js text/javascript 529 ::1
9/15/2019, 5:42:31 PM : GET 200 /references text/html 2742 ::1
9/15/2019, 5:42:31 PM : GET 200 /js/jquery.min.js text/javascript 69969 ::1
9/15/2019, 5:42:31 PM : GET 200 /css/fonts/TisaSans.css text/css 59485 ::1
9/15/2019, 5:42:31 PM : GET 200 /css/fonts/Montserrat.css text/css 351109 ::1
9/15/2019, 5:42:31 PM : GET 200 /css/fonts/SourceSans.css text/css 155 ::1
9/15/2019, 5:42:31 PM : GET 200 /js/hoverpeek.js text/javascript 529 ::1
9/15/2019, 5:42:31 PM : GET 200 /css/master.css text/css 3025 ::1
9/15/2019, 5:42:31 PM : GET 200 /css/article.css text/css 1714 ::1
9/15/2019, 5:42:39 PM : GET 200 /references text/html 2742 ::1
9/15/2019, 5:42:39 PM : GET 200 /js/jquery.min.js text/javascript 69969 ::1
9/15/2019, 5:42:39 PM : GET 200 /css/fonts/TisaSans.css text/css 59485 ::1
9/15/2019, 5:42:39 PM : GET 200 /css/fonts/SourceSans.css text/css 155 ::1
9/15/2019, 5:42:39 PM : GET 200 /css/fonts/Montserrat.css text/css 351109 ::1
9/15/2019, 5:42:39 PM : GET 200 /css/master.css text/css 3025 ::1
9/15/2019, 5:42:39 PM : GET 200 /js/hoverpeek.js text/javascript 529 ::1
9/15/2019, 5:42:39 PM : GET 200 /css/article.css text/css 1714 ::1
9/15/2019, 5:42:48 PM : GET 200 /references text/html 2742 ::1
9/15/2019, 5:42:48 PM : GET 200 /js/jquery.min.js text/javascript 69969 ::1
9/15/2019, 5:42:48 PM : GET 200 /css/fonts/TisaSans.css text/css 59485 ::1
9/15/2019, 5:42:48 PM : GET 200 /css/fonts/SourceSans.css text/css 155 ::1
9/15/2019, 5:42:48 PM : GET 200 /css/fonts/Montserrat.css text/css 351109 ::1
9/15/2019, 5:42:48 PM : GET 200 /css/master.css text/css 3025 ::1
9/15/2019, 5:42:48 PM : GET 200 /css/article.css text/css 1714 ::1
9/15/2019, 5:42:48 PM : GET 200 /js/hoverpeek.js text/javascript 529 ::1
9/15/2019, 5:43:23 PM : GET 200 /references text/html 2742 ::1
9/15/2019, 5:43:23 PM : GET 200 /js/jquery.min.js text/javascript 69969 ::1
9/15/2019, 5:43:23 PM : GET 200 /css/fonts/TisaSans.css text/css 59485 ::1
9/15/2019, 5:43:23 PM : GET 200 /css/fonts/SourceSans.css text/css 155 ::1
9/15/2019, 5:43:23 PM : GET 200 /css/fonts/Montserrat.css text/css 351109 ::1
9/15/2019, 5:43:24 PM : GET 200 /css/master.css text/css 3025 ::1
9/15/2019, 5:43:24 PM : GET 200 /css/article.css text/css 1766 ::1
9/15/2019, 5:43:24 PM : GET 200 /js/hoverpeek.js text/javascript 529 ::1
9/15/2019, 5:43:32 PM : GET 200 /references text/html 2742 ::1
9/15/2019, 5:43:32 PM : GET 200 /js/jquery.min.js text/javascript 69969 ::1
9/15/2019, 5:43:32 PM : GET 200 /css/fonts/TisaSans.css text/css 59485 ::1
9/15/2019, 5:43:32 PM : GET 200 /css/fonts/SourceSans.css text/css 155 ::1
9/15/2019, 5:43:32 PM : GET 200 /css/fonts/Montserrat.css text/css 351109 ::1
9/15/2019, 5:43:32 PM : GET 200 /css/master.css text/css 3025 ::1
9/15/2019, 5:43:32 PM : GET 200 /css/article.css text/css 1766 ::1
9/15/2019, 5:43:32 PM : GET 200 /js/hoverpeek.js text/javascript 529 ::1
9/15/2019, 5:43:40 PM : GET 200 /references text/html 2742 ::1
9/15/2019, 5:43:40 PM : GET 200 /js/jquery.min.js text/javascript 69969 ::1
9/15/2019, 5:43:40 PM : GET 200 /css/fonts/TisaSans.css text/css 59485 ::1
9/15/2019, 5:43:40 PM : GET 200 /css/fonts/SourceSans.css text/css 155 ::1
9/15/2019, 5:43:40 PM : GET 200 /css/fonts/Montserrat.css text/css 351109 ::1
9/15/2019, 5:43:40 PM : GET 200 /css/master.css text/css 3025 ::1
9/15/2019, 5:43:40 PM : GET 200 /css/article.css text/css 1766 ::1
9/15/2019, 5:43:40 PM : GET 200 /js/hoverpeek.js text/javascript 529 ::1
9/15/2019, 5:43:57 PM : GET 200 /references text/html 2742 ::1
9/15/2019, 5:43:57 PM : GET 200 /js/jquery.min.js text/javascript 69969 ::1
9/15/2019, 5:43:57 PM : GET 200 /css/fonts/TisaSans.css text/css 59485 ::1
9/15/2019, 5:43:57 PM : GET 200 /css/fonts/SourceSans.css text/css 155 ::1
9/15/2019, 5:43:57 PM : GET 200 /css/fonts/Montserrat.css text/css 351109 ::1
9/15/2019, 5:43:57 PM : GET 200 /css/master.css text/css 3025 ::1
9/15/2019, 5:43:57 PM : GET 200 /css/article.css text/css 1764 ::1
9/15/2019, 5:43:57 PM : GET 200 /js/hoverpeek.js text/javascript 529 ::1
9/15/2019, 5:44:07 PM : GET 200 /references text/html 2742 ::1
9/15/2019, 5:44:07 PM : GET 200 /js/jquery.min.js text/javascript 69969 ::1
9/15/2019, 5:44:07 PM : GET 200 /css/fonts/TisaSans.css text/css 59485 ::1
9/15/2019, 5:44:07 PM : GET 200 /css/fonts/SourceSans.css text/css 155 ::1
9/15/2019, 5:44:07 PM : GET 200 /css/fonts/Montserrat.css text/css 351109 ::1
9/15/2019, 5:44:07 PM : GET 200 /css/master.css text/css 3025 ::1
9/15/2019, 5:44:07 PM : GET 200 /css/article.css text/css 1766 ::1
9/15/2019, 5:44:07 PM : GET 200 /js/hoverpeek.js text/javascript 529 ::1
9/15/2019, 5:44:26 PM : GET 200 /references text/html 2742 ::1
9/15/2019, 5:44:26 PM : GET 200 /js/jquery.min.js text/javascript 69969 ::1
9/15/2019, 5:44:26 PM : GET 200 /css/fonts/TisaSans.css text/css 59485 ::1
9/15/2019, 5:44:26 PM : GET 200 /css/fonts/SourceSans.css text/css 155 ::1
9/15/2019, 5:44:26 PM : GET 200 /css/fonts/Montserrat.css text/css 351109 ::1
9/15/2019, 5:44:26 PM : GET 200 /css/master.css text/css 3025 ::1
9/15/2019, 5:44:26 PM : GET 200 /css/article.css text/css 1714 ::1
9/15/2019, 5:44:26 PM : GET 200 /js/hoverpeek.js text/javascript 529 ::1
9/15/2019, 5:44:37 PM : GET 200 /references text/html 2742 ::1
9/15/2019, 5:44:37 PM : GET 200 /js/jquery.min.js text/javascript 69969 ::1
9/15/2019, 5:44:37 PM : GET 200 /css/fonts/TisaSans.css text/css 59485 ::1
9/15/2019, 5:44:37 PM : GET 200 /css/fonts/SourceSans.css text/css 155 ::1
9/15/2019, 5:44:37 PM : GET 200 /css/fonts/Montserrat.css text/css 351109 ::1
9/15/2019, 5:44:37 PM : GET 200 /css/master.css text/css 3025 ::1
9/15/2019, 5:44:37 PM : GET 200 /css/article.css text/css 1733 ::1
9/15/2019, 5:44:37 PM : GET 200 /js/hoverpeek.js text/javascript 529 ::1
9/15/2019, 5:44:52 PM : GET 200 /references text/html 2742 ::1
9/15/2019, 5:44:52 PM : GET 200 /js/jquery.min.js text/javascript 69969 ::1
9/15/2019, 5:44:52 PM : GET 200 /css/fonts/TisaSans.css text/css 59485 ::1
9/15/2019, 5:44:52 PM : GET 200 /css/fonts/Montserrat.css text/css 351109 ::1
9/15/2019, 5:44:52 PM : GET 200 /css/master.css text/css 3025 ::1
9/15/2019, 5:44:52 PM : GET 200 /css/article.css text/css 1766 ::1
9/15/2019, 5:44:52 PM : GET 200 /css/fonts/SourceSans.css text/css 155 ::1
9/15/2019, 5:44:52 PM : GET 200 /js/hoverpeek.js text/javascript 529 ::1
9/15/2019, 5:56:11 PM : GET 200 /references text/html 3178 ::1
9/15/2019, 5:56:11 PM : GET 200 /js/jquery.min.js text/javascript 69969 ::1
9/15/2019, 5:56:11 PM : GET 200 /css/fonts/TisaSans.css text/css 59485 ::1
9/15/2019, 5:56:11 PM : GET 200 /css/fonts/Montserrat.css text/css 351109 ::1
9/15/2019, 5:56:11 PM : GET 200 /css/fonts/SourceSans.css text/css 155 ::1
9/15/2019, 5:56:11 PM : GET 200 /css/master.css text/css 3025 ::1
9/15/2019, 5:56:11 PM : GET 200 /css/article.css text/css 1766 ::1
9/15/2019, 5:56:11 PM : GET 200 /js/hoverpeek.js text/javascript 529 ::1
9/15/2019, 5:56:15 PM : GET 200 /why-issue text/html 3040 ::1
9/15/2019, 5:56:15 PM : GET 200 /js/jquery.min.js text/javascript 69969 ::1
9/15/2019, 5:56:15 PM : GET 200 /css/fonts/TisaSans.css text/css 59485 ::1
9/15/2019, 5:56:15 PM : GET 200 /css/fonts/SourceSans.css text/css 155 ::1
9/15/2019, 5:56:15 PM : GET 200 /css/fonts/Montserrat.css text/css 351109 ::1
9/15/2019, 5:56:15 PM : GET 200 /css/master.css text/css 3025 ::1
9/15/2019, 5:56:15 PM : GET 200 /css/article.css text/css 1766 ::1
9/15/2019, 5:56:15 PM : GET 200 /res/privacy.jpg image/jpeg 56168 ::1
9/15/2019, 5:56:18 PM : GET 200 /references text/html 3178 ::1
9/15/2019, 5:56:18 PM : GET 200 /js/jquery.min.js text/javascript 69969 ::1
9/15/2019, 5:56:18 PM : GET 200 /css/fonts/TisaSans.css text/css 59485 ::1
9/15/2019, 5:56:18 PM : GET 200 /css/fonts/SourceSans.css text/css 155 ::1
9/15/2019, 5:56:18 PM : GET 200 /css/fonts/Montserrat.css text/css 351109 ::1
9/15/2019, 5:56:18 PM : GET 200 /css/master.css text/css 3025 ::1
9/15/2019, 5:56:18 PM : GET 200 /css/article.css text/css 1766 ::1
9/15/2019, 5:56:18 PM : GET 200 /js/hoverpeek.js text/javascript 529 ::1
9/15/2019, 6:06:12 PM : GET 200 /references text/html 3706 ::1
9/15/2019, 6:06:12 PM : GET 200 /js/jquery.min.js text/javascript 69969 ::1
9/15/2019, 6:06:12 PM : GET 200 /css/fonts/TisaSans.css text/css 59485 ::1
9/15/2019, 6:06:12 PM : GET 200 /css/fonts/SourceSans.css text/css 155 ::1
9/15/2019, 6:06:12 PM : GET 200 /css/fonts/Montserrat.css text/css 351109 ::1
9/15/2019, 6:06:12 PM : GET 200 /css/master.css text/css 3025 ::1
9/15/2019, 6:06:12 PM : GET 200 /css/article.css text/css 1766 ::1
9/15/2019, 6:06:12 PM : GET 200 /js/hoverpeek.js text/javascript 529 ::1
