9/17/2019, 5:04:50 PM : Listening on 1080
9/17/2019, 5:04:56 PM : GET 200 / text/html 2445 ::1
9/17/2019, 5:04:56 PM : GET 200 /js/jquery.min.js text/javascript 69969 ::1
9/17/2019, 5:04:56 PM : GET 200 /css/fonts/TisaSans.css text/css 59485 ::1
9/17/2019, 5:04:56 PM : GET 200 /css/fonts/SourceSans.css text/css 155 ::1
9/17/2019, 5:04:56 PM : GET 200 /css/fonts/Montserrat.css text/css 351109 ::1
9/17/2019, 5:04:56 PM : GET 200 /css/master.css text/css 3025 ::1
9/17/2019, 5:04:56 PM : GET 200 /css/article.css text/css 1766 ::1
9/17/2019, 5:04:56 PM : GET 200 /res/privacy.jpg image/jpeg 56168 ::1
9/17/2019, 5:05:01 PM : GET 404 /favicon.ico text/plain 47 ::1
9/17/2019, 5:08:32 PM : GET 200 /references text/html 3706 ::1
9/17/2019, 5:08:32 PM : GET 200 /js/jquery.min.js text/javascript 69969 ::1
9/17/2019, 5:08:32 PM : GET 200 /css/fonts/TisaSans.css text/css 59485 ::1
9/17/2019, 5:08:32 PM : GET 200 /css/fonts/SourceSans.css text/css 155 ::1
9/17/2019, 5:08:32 PM : GET 200 /css/fonts/Montserrat.css text/css 351109 ::1
9/17/2019, 5:08:32 PM : GET 200 /css/master.css text/css 3025 ::1
9/17/2019, 5:08:32 PM : GET 200 /css/article.css text/css 1766 ::1
9/17/2019, 5:08:32 PM : GET 200 /js/hoverpeek.js text/javascript 529 ::1
9/17/2019, 5:11:06 PM : GET 200 /what text/html 2860 ::1
9/17/2019, 5:11:06 PM : GET 200 /js/jquery.min.js text/javascript 69969 ::1
9/17/2019, 5:11:06 PM : GET 200 /css/fonts/TisaSans.css text/css 59485 ::1
9/17/2019, 5:11:06 PM : GET 200 /css/fonts/SourceSans.css text/css 155 ::1
9/17/2019, 5:11:06 PM : GET 200 /css/fonts/Montserrat.css text/css 351109 ::1
9/17/2019, 5:11:06 PM : GET 200 /css/master.css text/css 3025 ::1
9/17/2019, 5:11:06 PM : GET 200 /css/article.css text/css 1766 ::1
9/17/2019, 5:11:06 PM : GET 200 /res/privacy.jpg image/jpeg 56168 ::1
9/17/2019, 5:11:10 PM : GET 200 /why-issue text/html 3040 ::1
9/17/2019, 5:11:10 PM : GET 200 /js/jquery.min.js text/javascript 69969 ::1
9/17/2019, 5:11:10 PM : GET 200 /css/fonts/TisaSans.css text/css 59485 ::1
9/17/2019, 5:11:10 PM : GET 200 /css/fonts/SourceSans.css text/css 155 ::1
9/17/2019, 5:11:10 PM : GET 200 /css/fonts/Montserrat.css text/css 351109 ::1
9/17/2019, 5:11:10 PM : GET 200 /css/master.css text/css 3025 ::1
9/17/2019, 5:11:10 PM : GET 200 /res/privacy.jpg image/jpeg 56168 ::1
9/17/2019, 5:11:10 PM : GET 200 /css/article.css text/css 1766 ::1
9/17/2019, 5:11:33 PM : GET 200 /what text/html 2860 ::1
9/17/2019, 5:11:33 PM : GET 200 /js/jquery.min.js text/javascript 69969 ::1
9/17/2019, 5:11:33 PM : GET 200 /css/fonts/TisaSans.css text/css 59485 ::1
9/17/2019, 5:11:33 PM : GET 200 /css/fonts/Montserrat.css text/css 351109 ::1
9/17/2019, 5:11:33 PM : GET 200 /css/fonts/SourceSans.css text/css 155 ::1
9/17/2019, 5:11:33 PM : GET 200 /css/master.css text/css 3025 ::1
9/17/2019, 5:11:33 PM : GET 200 /css/article.css text/css 1766 ::1
9/17/2019, 5:11:33 PM : GET 200 /res/privacy.jpg image/jpeg 56168 ::1
9/17/2019, 5:11:52 PM : GET 200 /what text/html 2852 ::1
9/17/2019, 5:11:52 PM : GET 200 /js/jquery.min.js text/javascript 69969 ::1
9/17/2019, 5:11:52 PM : GET 200 /css/fonts/TisaSans.css text/css 59485 ::1
9/17/2019, 5:11:52 PM : GET 200 /css/fonts/SourceSans.css text/css 155 ::1
9/17/2019, 5:11:52 PM : GET 200 /css/fonts/Montserrat.css text/css 351109 ::1
9/17/2019, 5:11:52 PM : GET 200 /css/master.css text/css 3025 ::1
9/17/2019, 5:11:52 PM : GET 200 /css/article.css text/css 1766 ::1
9/17/2019, 5:11:52 PM : GET 200 /res/privacy.jpg image/jpeg 56168 ::1
9/17/2019, 5:20:13 PM : GET 200 /why text/html 3778 ::1
9/17/2019, 5:20:13 PM : GET 200 /js/jquery.min.js text/javascript 69969 ::1
9/17/2019, 5:20:13 PM : GET 200 /css/fonts/TisaSans.css text/css 59485 ::1
9/17/2019, 5:20:13 PM : GET 200 /css/fonts/SourceSans.css text/css 155 ::1
9/17/2019, 5:20:13 PM : GET 200 /css/fonts/Montserrat.css text/css 351109 ::1
9/17/2019, 5:20:14 PM : GET 200 /css/master.css text/css 3025 ::1
9/17/2019, 5:20:14 PM : GET 200 /css/article.css text/css 1766 ::1
9/17/2019, 5:20:16 PM : GET 200 /why text/html 3778 ::1
9/17/2019, 5:20:16 PM : GET 200 /js/jquery.min.js text/javascript 69969 ::1
9/17/2019, 5:20:16 PM : GET 200 /css/fonts/TisaSans.css text/css 59485 ::1
9/17/2019, 5:20:16 PM : GET 200 /css/fonts/SourceSans.css text/css 155 ::1
9/17/2019, 5:20:16 PM : GET 200 /css/fonts/Montserrat.css text/css 351109 ::1
9/17/2019, 5:20:16 PM : GET 200 /css/master.css text/css 3025 ::1
9/17/2019, 5:20:16 PM : GET 200 /css/article.css text/css 1766 ::1
9/17/2019, 5:20:22 PM : GET 200 /why-issue text/html 3040 ::1
9/17/2019, 5:20:22 PM : GET 200 /js/jquery.min.js text/javascript 69969 ::1
9/17/2019, 5:20:22 PM : GET 200 /css/fonts/TisaSans.css text/css 59485 ::1
9/17/2019, 5:20:22 PM : GET 200 /css/fonts/SourceSans.css text/css 155 ::1
9/17/2019, 5:20:22 PM : GET 200 /css/fonts/Montserrat.css text/css 351109 ::1
9/17/2019, 5:20:22 PM : GET 200 /css/master.css text/css 3025 ::1
9/17/2019, 5:20:22 PM : GET 200 /css/article.css text/css 1766 ::1
9/17/2019, 5:20:22 PM : GET 200 /res/privacy.jpg image/jpeg 56168 ::1
9/17/2019, 5:20:26 PM : GET 200 /why text/html 3778 ::1
9/17/2019, 5:20:26 PM : GET 200 /js/jquery.min.js text/javascript 69969 ::1
9/17/2019, 5:20:26 PM : GET 200 /css/fonts/TisaSans.css text/css 59485 ::1
9/17/2019, 5:20:26 PM : GET 200 /css/fonts/SourceSans.css text/css 155 ::1
9/17/2019, 5:20:26 PM : GET 200 /css/fonts/Montserrat.css text/css 351109 ::1
9/17/2019, 5:20:26 PM : GET 200 /css/master.css text/css 3025 ::1
9/17/2019, 5:20:26 PM : GET 200 /css/article.css text/css 1766 ::1
9/17/2019, 5:20:28 PM : GET 200 /why-issue text/html 3040 ::1
9/17/2019, 5:20:28 PM : GET 200 /js/jquery.min.js text/javascript 69969 ::1
9/17/2019, 5:20:28 PM : GET 200 /css/fonts/TisaSans.css text/css 59485 ::1
9/17/2019, 5:20:28 PM : GET 200 /css/fonts/SourceSans.css text/css 155 ::1
9/17/2019, 5:20:28 PM : GET 200 /css/fonts/Montserrat.css text/css 351109 ::1
9/17/2019, 5:20:28 PM : GET 200 /css/master.css text/css 3025 ::1
9/17/2019, 5:20:28 PM : GET 200 /css/article.css text/css 1766 ::1
9/17/2019, 5:20:28 PM : GET 200 /res/privacy.jpg image/jpeg 56168 ::1
9/17/2019, 5:20:29 PM : GET 200 /why text/html 3778 ::1
9/17/2019, 5:20:29 PM : GET 200 /js/jquery.min.js text/javascript 69969 ::1
9/17/2019, 5:20:29 PM : GET 200 /css/fonts/TisaSans.css text/css 59485 ::1
9/17/2019, 5:20:29 PM : GET 200 /css/fonts/SourceSans.css text/css 155 ::1
9/17/2019, 5:20:29 PM : GET 200 /css/fonts/Montserrat.css text/css 351109 ::1
9/17/2019, 5:20:29 PM : GET 200 /css/master.css text/css 3025 ::1
9/17/2019, 5:20:29 PM : GET 200 /css/article.css text/css 1766 ::1
9/17/2019, 5:20:37 PM : GET 200 /why-issue text/html 3040 ::1
9/17/2019, 5:20:37 PM : GET 200 /js/jquery.min.js text/javascript 69969 ::1
9/17/2019, 5:20:37 PM : GET 200 /css/fonts/TisaSans.css text/css 59485 ::1
9/17/2019, 5:20:37 PM : GET 200 /css/fonts/SourceSans.css text/css 155 ::1
9/17/2019, 5:20:37 PM : GET 200 /css/fonts/Montserrat.css text/css 351109 ::1
9/17/2019, 5:20:37 PM : GET 200 /css/master.css text/css 3025 ::1
9/17/2019, 5:20:37 PM : GET 200 /css/article.css text/css 1766 ::1
9/17/2019, 5:20:37 PM : GET 200 /res/privacy.jpg image/jpeg 56168 ::1
9/17/2019, 5:20:46 PM : GET 200 /why text/html 3778 ::1
9/17/2019, 5:20:46 PM : GET 200 /js/jquery.min.js text/javascript 69969 ::1
9/17/2019, 5:20:46 PM : GET 200 /css/fonts/TisaSans.css text/css 59485 ::1
9/17/2019, 5:20:46 PM : GET 200 /css/fonts/SourceSans.css text/css 155 ::1
9/17/2019, 5:20:46 PM : GET 200 /css/fonts/Montserrat.css text/css 351109 ::1
9/17/2019, 5:20:46 PM : GET 200 /css/master.css text/css 3025 ::1
9/17/2019, 5:20:46 PM : GET 200 /css/article.css text/css 1766 ::1
9/17/2019, 5:21:08 PM : GET 200 /why-me text/html 3159 ::1
9/17/2019, 5:21:08 PM : GET 200 /js/jquery.min.js text/javascript 69969 ::1
9/17/2019, 5:21:08 PM : GET 200 /css/fonts/TisaSans.css text/css 59485 ::1
9/17/2019, 5:21:08 PM : GET 200 /css/fonts/SourceSans.css text/css 155 ::1
9/17/2019, 5:21:08 PM : GET 200 /css/fonts/Montserrat.css text/css 351109 ::1
9/17/2019, 5:21:08 PM : GET 200 /css/master.css text/css 3025 ::1
9/17/2019, 5:21:08 PM : GET 200 /css/article.css text/css 1766 ::1
9/17/2019, 5:21:08 PM : GET 200 /res/privacy.jpg image/jpeg 56168 ::1
9/17/2019, 5:21:10 PM : GET 200 /why text/html 3778 ::1
9/17/2019, 5:21:10 PM : GET 200 /js/jquery.min.js text/javascript 69969 ::1
9/17/2019, 5:21:10 PM : GET 200 /css/fonts/TisaSans.css text/css 59485 ::1
9/17/2019, 5:21:10 PM : GET 200 /css/fonts/SourceSans.css text/css 155 ::1
9/17/2019, 5:21:10 PM : GET 200 /css/fonts/Montserrat.css text/css 351109 ::1
9/17/2019, 5:21:10 PM : GET 200 /css/master.css text/css 3025 ::1
9/17/2019, 5:21:10 PM : GET 200 /css/article.css text/css 1766 ::1
9/17/2019, 5:21:14 PM : GET 200 /why-me text/html 3159 ::1
9/17/2019, 5:21:14 PM : GET 200 /js/jquery.min.js text/javascript 69969 ::1
9/17/2019, 5:21:14 PM : GET 200 /css/fonts/TisaSans.css text/css 59485 ::1
9/17/2019, 5:21:14 PM : GET 200 /css/fonts/SourceSans.css text/css 155 ::1
9/17/2019, 5:21:14 PM : GET 200 /css/fonts/Montserrat.css text/css 351109 ::1
9/17/2019, 5:21:14 PM : GET 200 /css/master.css text/css 3025 ::1
9/17/2019, 5:21:14 PM : GET 200 /css/article.css text/css 1766 ::1
9/17/2019, 5:21:14 PM : GET 200 /res/privacy.jpg image/jpeg 56168 ::1
9/17/2019, 5:21:31 PM : GET 200 /how text/html 5286 ::1
9/17/2019, 5:21:31 PM : GET 200 /js/jquery.min.js text/javascript 69969 ::1
9/17/2019, 5:21:31 PM : GET 200 /css/fonts/TisaSans.css text/css 59485 ::1
9/17/2019, 5:21:31 PM : GET 200 /css/fonts/SourceSans.css text/css 155 ::1
9/17/2019, 5:21:31 PM : GET 200 /css/fonts/Montserrat.css text/css 351109 ::1
9/17/2019, 5:21:31 PM : GET 200 /css/master.css text/css 3025 ::1
9/17/2019, 5:21:31 PM : GET 200 /css/article.css text/css 1766 ::1
9/17/2019, 5:21:31 PM : GET 200 /res/privacy.jpg image/jpeg 56168 ::1
9/17/2019, 5:33:57 PM : GET 200 /who text/html 2541 ::1
9/17/2019, 5:33:57 PM : GET 200 /js/jquery.min.js text/javascript 69969 ::1
9/17/2019, 5:33:57 PM : GET 200 /css/fonts/TisaSans.css text/css 59485 ::1
9/17/2019, 5:33:57 PM : GET 200 /css/fonts/SourceSans.css text/css 155 ::1
9/17/2019, 5:33:57 PM : GET 200 /css/fonts/Montserrat.css text/css 351109 ::1
9/17/2019, 5:33:57 PM : GET 200 /css/master.css text/css 3025 ::1
9/17/2019, 5:33:57 PM : GET 200 /css/article.css text/css 1766 ::1
9/17/2019, 5:33:57 PM : GET 200 /res/privacy.jpg image/jpeg 56168 ::1
