9/18/2019, 8:08:28 PM : GET 200 /res/privacy.jpg image/jpeg 56168 ::1
9/18/2019, 8:08:41 PM : GET 200 / text/html 2445 ::1
9/18/2019, 8:08:41 PM : GET 200 /js/jquery.min.js text/javascript 69969 ::1
9/18/2019, 8:08:41 PM : GET 200 /css/fonts/TisaSans.css text/css 59485 ::1
9/18/2019, 8:08:41 PM : GET 200 /css/fonts/SourceSans.css text/css 155 ::1
9/18/2019, 8:08:41 PM : GET 200 /css/fonts/Montserrat.css text/css 351109 ::1
9/18/2019, 8:08:41 PM : GET 200 /css/master.css text/css 3025 ::1
9/18/2019, 8:08:41 PM : GET 200 /css/article.css text/css 1766 ::1
9/18/2019, 8:08:41 PM : GET 200 /res/privacy.jpg image/jpeg 56168 ::1
9/18/2019, 8:08:49 PM : GET 200 /what text/html 2852 ::1
9/18/2019, 8:08:49 PM : GET 200 /js/jquery.min.js text/javascript 69969 ::1
9/18/2019, 8:08:49 PM : GET 200 /css/fonts/TisaSans.css text/css 59485 ::1
9/18/2019, 8:08:49 PM : GET 200 /css/fonts/SourceSans.css text/css 155 ::1
9/18/2019, 8:08:49 PM : GET 200 /css/fonts/Montserrat.css text/css 351109 ::1
9/18/2019, 8:08:49 PM : GET 200 /css/master.css text/css 3025 ::1
9/18/2019, 8:08:49 PM : GET 200 /css/article.css text/css 1766 ::1
9/18/2019, 8:08:49 PM : GET 200 /res/privacy.jpg image/jpeg 56168 ::1
9/18/2019, 8:09:02 PM : GET 200 /references text/html 3991 ::1
9/18/2019, 8:09:02 PM : GET 200 /js/jquery.min.js text/javascript 69969 ::1
9/18/2019, 8:09:02 PM : GET 200 /css/fonts/TisaSans.css text/css 59485 ::1
9/18/2019, 8:09:02 PM : GET 200 /css/fonts/SourceSans.css text/css 155 ::1
9/18/2019, 8:09:02 PM : GET 200 /css/fonts/Montserrat.css text/css 351109 ::1
9/18/2019, 8:09:02 PM : GET 200 /css/master.css text/css 3025 ::1
9/18/2019, 8:09:02 PM : GET 200 /js/hoverpeek.js text/javascript 529 ::1
9/18/2019, 8:09:02 PM : GET 200 /css/article.css text/css 1766 ::1
9/18/2019, 8:09:18 PM : GET 200 /why-issue text/html 3040 ::1
9/18/2019, 8:09:18 PM : GET 200 /js/jquery.min.js text/javascript 69969 ::1
9/18/2019, 8:09:18 PM : GET 200 /css/fonts/TisaSans.css text/css 59485 ::1
9/18/2019, 8:09:18 PM : GET 200 /css/fonts/SourceSans.css text/css 155 ::1
9/18/2019, 8:09:18 PM : GET 200 /css/fonts/Montserrat.css text/css 351109 ::1
9/18/2019, 8:09:18 PM : GET 200 /css/master.css text/css 3025 ::1
9/18/2019, 8:09:18 PM : GET 200 /css/article.css text/css 1766 ::1
9/18/2019, 8:09:18 PM : GET 200 /res/privacy.jpg image/jpeg 56168 ::1
9/18/2019, 8:09:26 PM : GET 200 /what text/html 2852 ::1
9/18/2019, 8:09:26 PM : GET 200 /js/jquery.min.js text/javascript 69969 ::1
9/18/2019, 8:09:26 PM : GET 200 /css/fonts/TisaSans.css text/css 59485 ::1
9/18/2019, 8:09:26 PM : GET 200 /css/fonts/SourceSans.css text/css 155 ::1
9/18/2019, 8:09:26 PM : GET 200 /css/fonts/Montserrat.css text/css 351109 ::1
9/18/2019, 8:09:26 PM : GET 200 /css/master.css text/css 3025 ::1
9/18/2019, 8:09:26 PM : GET 200 /css/article.css text/css 1766 ::1
9/18/2019, 8:09:26 PM : GET 200 /res/privacy.jpg image/jpeg 56168 ::1
9/18/2019, 8:09:39 PM : GET 200 /why-issue text/html 3040 ::1
9/18/2019, 8:09:39 PM : GET 200 /js/jquery.min.js text/javascript 69969 ::1
9/18/2019, 8:09:39 PM : GET 200 /css/fonts/TisaSans.css text/css 59485 ::1
9/18/2019, 8:09:39 PM : GET 200 /css/fonts/SourceSans.css text/css 155 ::1
9/18/2019, 8:09:39 PM : GET 200 /css/fonts/Montserrat.css text/css 351109 ::1
9/18/2019, 8:09:39 PM : GET 200 /css/master.css text/css 3025 ::1
9/18/2019, 8:09:39 PM : GET 200 /css/article.css text/css 1766 ::1
9/18/2019, 8:09:39 PM : GET 200 /res/privacy.jpg image/jpeg 56168 ::1
9/18/2019, 8:09:51 PM : GET 200 /why text/html 3778 ::1
9/18/2019, 8:09:51 PM : GET 200 /js/jquery.min.js text/javascript 69969 ::1
9/18/2019, 8:09:51 PM : GET 200 /css/fonts/TisaSans.css text/css 59485 ::1
9/18/2019, 8:09:51 PM : GET 200 /css/fonts/SourceSans.css text/css 155 ::1
9/18/2019, 8:09:51 PM : GET 200 /css/fonts/Montserrat.css text/css 351109 ::1
9/18/2019, 8:09:51 PM : GET 200 /css/master.css text/css 3025 ::1
9/18/2019, 8:09:52 PM : GET 200 /css/article.css text/css 1766 ::1
9/18/2019, 8:10:18 PM : GET 200 /why-me text/html 3159 ::1
9/18/2019, 8:10:18 PM : GET 200 /js/jquery.min.js text/javascript 69969 ::1
9/18/2019, 8:10:18 PM : GET 200 /css/fonts/TisaSans.css text/css 59485 ::1
9/18/2019, 8:10:18 PM : GET 200 /css/fonts/SourceSans.css text/css 155 ::1
9/18/2019, 8:10:18 PM : GET 200 /css/fonts/Montserrat.css text/css 351109 ::1
9/18/2019, 8:10:18 PM : GET 200 /css/master.css text/css 3025 ::1
9/18/2019, 8:10:18 PM : GET 200 /css/article.css text/css 1766 ::1
9/18/2019, 8:10:18 PM : GET 200 /res/privacy.jpg image/jpeg 56168 ::1
9/18/2019, 8:10:23 PM : GET 200 /how text/html 5292 ::1
9/18/2019, 8:10:23 PM : GET 200 /js/jquery.min.js text/javascript 69969 ::1
9/18/2019, 8:10:23 PM : GET 200 /css/fonts/TisaSans.css text/css 59485 ::1
9/18/2019, 8:10:23 PM : GET 200 /css/fonts/Montserrat.css text/css 351109 ::1
9/18/2019, 8:10:23 PM : GET 200 /css/fonts/SourceSans.css text/css 155 ::1
9/18/2019, 8:10:23 PM : GET 200 /css/master.css text/css 3025 ::1
9/18/2019, 8:10:23 PM : GET 200 /css/article.css text/css 1766 ::1
9/18/2019, 8:10:23 PM : GET 200 /res/privacy.jpg image/jpeg 56168 ::1
9/18/2019, 8:10:39 PM : GET 200 /who text/html 2541 ::1
9/18/2019, 8:10:39 PM : GET 200 /js/jquery.min.js text/javascript 69969 ::1
9/18/2019, 8:10:39 PM : GET 200 /css/fonts/TisaSans.css text/css 59485 ::1
9/18/2019, 8:10:39 PM : GET 200 /css/fonts/SourceSans.css text/css 155 ::1
9/18/2019, 8:10:39 PM : GET 200 /css/fonts/Montserrat.css text/css 351109 ::1
9/18/2019, 8:10:39 PM : GET 200 /css/master.css text/css 3025 ::1
9/18/2019, 8:10:39 PM : GET 200 /css/article.css text/css 1766 ::1
9/18/2019, 8:10:39 PM : GET 200 /res/privacy.jpg image/jpeg 56168 ::1
9/18/2019, 8:10:49 PM : GET 200 /rationale text/html 5292 ::1
9/18/2019, 8:10:49 PM : GET 200 /js/jquery.min.js text/javascript 69969 ::1
9/18/2019, 8:10:49 PM : GET 200 /css/fonts/TisaSans.css text/css 59485 ::1
9/18/2019, 8:10:49 PM : GET 200 /css/fonts/SourceSans.css text/css 155 ::1
9/18/2019, 8:10:49 PM : GET 200 /css/fonts/Montserrat.css text/css 351109 ::1
9/18/2019, 8:10:49 PM : GET 200 /css/master.css text/css 3025 ::1
9/18/2019, 8:10:49 PM : GET 200 /css/article.css text/css 1766 ::1
9/18/2019, 8:13:55 PM : GET 200 /rationale text/html 5283 ::1
9/18/2019, 8:13:55 PM : GET 200 /js/jquery.min.js text/javascript 69969 ::1
9/18/2019, 8:13:55 PM : GET 200 /css/fonts/TisaSans.css text/css 59485 ::1
9/18/2019, 8:13:55 PM : GET 200 /css/fonts/SourceSans.css text/css 155 ::1
9/18/2019, 8:13:55 PM : GET 200 /css/fonts/Montserrat.css text/css 351109 ::1
9/18/2019, 8:13:55 PM : GET 200 /css/master.css text/css 3025 ::1
9/18/2019, 8:13:55 PM : GET 200 /css/article.css text/css 1766 ::1
9/18/2019, 8:19:58 PM : GET 200 /rationale text/html 5283 ::1
9/18/2019, 8:19:58 PM : GET 200 /js/jquery.min.js text/javascript 69969 ::1
9/18/2019, 8:19:59 PM : GET 200 /css/fonts/TisaSans.css text/css 59485 ::1
9/18/2019, 8:19:59 PM : GET 200 /css/fonts/SourceSans.css text/css 155 ::1
9/18/2019, 8:19:59 PM : GET 200 /css/fonts/Montserrat.css text/css 351109 ::1
9/18/2019, 8:19:59 PM : GET 200 /css/master.css text/css 3025 ::1
9/18/2019, 8:19:59 PM : GET 200 /css/article.css text/css 1766 ::1
9/18/2019, 8:19:59 PM : GET 404 /favicon.ico text/plain 47 ::1
